#
# There is insufficient memory for the Java Runtime Environment to continue.
# Native memory allocation (malloc) failed to allocate 1048576 bytes for AllocateHeap
# Possible reasons:
#   The system is out of physical RAM or swap space
#   The process is running with CompressedOops enabled, and the Java Heap may be blocking the growth of the native heap
# Possible solutions:
#   Reduce memory load on the system
#   Increase physical memory or swap space
#   Check if swap backing store is full
#   Decrease Java heap size (-Xmx/-Xms)
#   Decrease number of Java threads
#   Decrease Java thread stack sizes (-Xss)
#   Set larger code cache with -XX:ReservedCodeCacheSize=
#   JVM is running with Unscaled Compressed Oops mode in which the Java heap is
#     placed in the first 4GB address space. The Java Heap base address is the
#     maximum limit for the native heap growth. Please use -XX:HeapBaseMinAddress
#     to set the Java Heap base and to place the Java Heap above 4GB virtual address.
# This output file may be truncated or incomplete.
#
#  Out of Memory Error (allocation.cpp:46), pid=13012, tid=19184
#
# JRE version: OpenJDK Runtime Environment Microsoft-8035250 (11.0.20+8) (build 11.0.20+8-LTS)
# Java VM: OpenJDK 64-Bit Server VM Microsoft-8035250 (11.0.20+8-LTS, mixed mode, tiered, compressed oops, g1 gc, windows-amd64)
# No core dump will be written. Minidumps are not enabled by default on client versions of Windows
#

---------------  S U M M A R Y ------------

Command Line: -Xmx64m -Xms64m -Dorg.gradle.appname=gradlew org.gradle.wrapper.GradleWrapperMain tasks

Host: 11th Gen Intel(R) Core(TM) i5-11400F @ 2.60GHz, 12 cores, 15G,  Windows 11 , 64 bit Build 22621 (10.0.22621.2070)
Time: Tue Aug 22 14:38:16 2023  Windows 11 , 64 bit Build 22621 (10.0.22621.2070) elapsed time: 1.478837 seconds (0d 0h 0m 1s)

---------------  T H R E A D  ---------------

Current thread (0x0000026867f14000):  VMThread "VM Thread" [stack: 0x000000e20bc00000,0x000000e20bd00000] [id=19184]

Stack: [0x000000e20bc00000,0x000000e20bd00000]
[error occurred during error reporting (printing stack bounds), id 0xc0000005, EXCEPTION_ACCESS_VIOLATION (0xc0000005) at pc=0x00000268554512e7]

Native frames: (J=compiled Java code, j=interpreted, Vv=VM code, C=native code)
V  [jvm.dll+0x62e9da]
V  [jvm.dll+0x7bc4e9]
V  [jvm.dll+0x7bdbd8]
V  [jvm.dll+0x7be215]
V  [jvm.dll+0x7be1cb]
V  [jvm.dll+0x62dd67]
V  [jvm.dll+0x62e478]
C  [ntdll.dll+0xa3dff]
C  [ntdll.dll+0x1e456]
C  [ntdll.dll+0xa2dee]
C  0x00000268554512e7

VM_Operation (0x000000e20b6f7df0): CollectForMetadataAllocation, mode: safepoint, requested by thread 0x000002684b41c000


---------------  P R O C E S S  ---------------

Threads class SMR info:
_java_thread_list=0x00000268695fd1c0, length=12, elements={
0x000002684b41c000, 0x0000026867f4d000, 0x0000026867f51000, 0x0000026867fa2000,
0x0000026867fa3000, 0x0000026867fa4000, 0x0000026867fa5800, 0x0000026867fa8800,
0x0000026867fab800, 0x0000026868a2c000, 0x0000026869525800, 0x0000026869904800
}

Java Threads: ( => current thread )
  0x000002684b41c000 JavaThread "main" [_thread_blocked, id=22272, stack(0x000000e20b600000,0x000000e20b700000)]
  0x0000026867f4d000 JavaThread "Reference Handler" daemon [_thread_blocked, id=19756, stack(0x000000e20bd00000,0x000000e20be00000)]
  0x0000026867f51000 JavaThread "Finalizer" daemon [_thread_blocked, id=19144, stack(0x000000e20be00000,0x000000e20bf00000)]
  0x0000026867fa2000 JavaThread "Signal Dispatcher" daemon [_thread_blocked, id=14688, stack(0x000000e20bf00000,0x000000e20c000000)]
  0x0000026867fa3000 JavaThread "Attach Listener" daemon [_thread_blocked, id=4960, stack(0x000000e20c000000,0x000000e20c100000)]
  0x0000026867fa4000 JavaThread "Service Thread" daemon [_thread_blocked, id=2364, stack(0x000000e20c100000,0x000000e20c200000)]
  0x0000026867fa5800 JavaThread "C2 CompilerThread0" daemon [_thread_blocked, id=21032, stack(0x000000e20c200000,0x000000e20c300000)]
  0x0000026867fa8800 JavaThread "C1 CompilerThread0" daemon [_thread_blocked, id=4560, stack(0x000000e20c300000,0x000000e20c400000)]
  0x0000026867fab800 JavaThread "Sweeper thread" daemon [_thread_blocked, id=20936, stack(0x000000e20c400000,0x000000e20c500000)]
  0x0000026868a2c000 JavaThread "Common-Cleaner" daemon [_thread_blocked, id=1992, stack(0x000000e20c600000,0x000000e20c700000)]
  0x0000026869525800 JavaThread "C2 CompilerThread1" daemon [_thread_blocked, id=22492, stack(0x000000e20c700000,0x000000e20c800000)]
  0x0000026869904800 JavaThread "pool-1-thread-1" [_thread_blocked, id=12492, stack(0x000000e20c900000,0x000000e20ca00000)]

Other Threads:
=>0x0000026867f14000 VMThread "VM Thread" [stack: 0x000000e20bc00000,0x000000e20bd00000] [id=19184]
  0x0000026868a1e000 WatcherThread [stack: 0x000000e20c500000,0x000000e20c600000] [id=20772]
  0x000002684b4e8800 GCTaskThread "GC Thread#0" [stack: 0x000000e20b700000,0x000000e20b800000] [id=19136]
  0x00000268694bd800 GCTaskThread "GC Thread#1" [stack: 0x000000e20c800000,0x000000e20c900000] [id=22404]
  0x000002684b4ef800 ConcurrentGCThread "G1 Main Marker" [stack: 0x000000e20b800000,0x000000e20b900000] [id=19152]
  0x000002684b4f1800 ConcurrentGCThread "G1 Conc#0" [stack: 0x000000e20b900000,0x000000e20ba00000] [id=19156]
  0x00000268697f4800 ConcurrentGCThread "G1 Conc#1" [stack: 0x0000000000000000,0x0000000000000000] [id=17520]
  0x0000026869548800 ConcurrentGCThread "G1 Conc#2" [stack: 0x000000e20cb00000,0x000000e20cc00000] [id=11432]
  0x000002684b55e800 ConcurrentGCThread "G1 Refine#0" [stack: 0x000000e20ba00000,0x000000e20bb00000] [id=19172]
  0x000002684b562800 ConcurrentGCThread "G1 Young RemSet Sampling" [stack: 0x000000e20bb00000,0x000000e20bc00000] [id=19176]

Threads with active compile tasks:
C1 CompilerThread0     1487  956       3       sun.nio.fs.WindowsPath::<init> (26 bytes)

VM state:at safepoint (normal execution)

VM Mutex/Monitor currently owned by a thread:  ([mutex/lock_event])
[0x000002684b4cee10] Threads_lock - owner thread: 0x0000026867f14000
[0x000002684b4cf050] Heap_lock - owner thread: 0x000002684b41c000

Heap address: 0x00000000fc000000, size: 64 MB, Compressed Oops mode: 32-bit
Narrow klass base: 0x0000000000000000, Narrow klass shift: 3
Compressed class space size: 1073741824 Address: 0x0000000100000000

Heap:
 garbage-first heap   total 65536K, used 10831K [0x00000000fc000000, 0x0000000100000000)
  region size 1024K, 1 young (1024K), 1 survivors (1024K)
 Metaspace       used 11353K, capacity 11665K, committed 11776K, reserved 1060864K
  class space    used 1189K, capacity 1272K, committed 1280K, reserved 1048576K
Heap Regions: E=young(eden), S=young(survivor), O=old, HS=humongous(starts), HC=humongous(continues), CS=collection set, F=free, A=archive, TAMS=top-at-mark-start (previous, next)
|   0|0x00000000fc000000, 0x00000000fc100000, 0x00000000fc100000|100%|HS|  |TAMS 0x00000000fc000000, 0x00000000fc100000| Complete 
|   1|0x00000000fc100000, 0x00000000fc200000, 0x00000000fc200000|100%|HC|  |TAMS 0x00000000fc100000, 0x00000000fc200000| Complete 
|   2|0x00000000fc200000, 0x00000000fc300000, 0x00000000fc300000|100%|HC|  |TAMS 0x00000000fc200000, 0x00000000fc300000| Complete 
|   3|0x00000000fc300000, 0x00000000fc400000, 0x00000000fc400000|100%|HC|  |TAMS 0x00000000fc300000, 0x00000000fc400000| Complete 
|   4|0x00000000fc400000, 0x00000000fc500000, 0x00000000fc500000|100%| O|  |TAMS 0x00000000fc400000, 0x00000000fc500000| Untracked 
|   5|0x00000000fc500000, 0x00000000fc600000, 0x00000000fc600000|100%| O|  |TAMS 0x00000000fc500000, 0x00000000fc600000| Untracked 
|   6|0x00000000fc600000, 0x00000000fc700000, 0x00000000fc700000|100%| O|  |TAMS 0x00000000fc600000, 0x00000000fc700000| Untracked 
|   7|0x00000000fc700000, 0x00000000fc800000, 0x00000000fc800000|100%| O|  |TAMS 0x00000000fc700000, 0x00000000fc800000| Untracked 
|   8|0x00000000fc800000, 0x00000000fc900000, 0x00000000fc900000|100%| O|  |TAMS 0x00000000fc800000, 0x00000000fc900000| Untracked 
|   9|0x00000000fc900000, 0x00000000fca00000, 0x00000000fca00000|100%| O|  |TAMS 0x00000000fc900000, 0x00000000fca00000| Untracked 
|  10|0x00000000fca00000, 0x00000000fca5b600, 0x00000000fcb00000| 35%| O|  |TAMS 0x00000000fca00000, 0x00000000fca5b600| Untracked 
|  11|0x00000000fcb00000, 0x00000000fcb00000, 0x00000000fcc00000|  0%| F|  |TAMS 0x00000000fcb00000, 0x00000000fcb00000| Untracked 
|  12|0x00000000fcc00000, 0x00000000fcc00000, 0x00000000fcd00000|  0%| F|  |TAMS 0x00000000fcc00000, 0x00000000fcc00000| Untracked 
|  13|0x00000000fcd00000, 0x00000000fcd00000, 0x00000000fce00000|  0%| F|  |TAMS 0x00000000fcd00000, 0x00000000fcd00000| Untracked 
|  14|0x00000000fce00000, 0x00000000fce00000, 0x00000000fcf00000|  0%| F|  |TAMS 0x00000000fce00000, 0x00000000fce00000| Untracked 
|  15|0x00000000fcf00000, 0x00000000fcf00000, 0x00000000fd000000|  0%| F|  |TAMS 0x00000000fcf00000, 0x00000000fcf00000| Untracked 
|  16|0x00000000fd000000, 0x00000000fd000000, 0x00000000fd100000|  0%| F|  |TAMS 0x00000000fd000000, 0x00000000fd000000| Untracked 
|  17|0x00000000fd100000, 0x00000000fd100000, 0x00000000fd200000|  0%| F|  |TAMS 0x00000000fd100000, 0x00000000fd100000| Untracked 
|  18|0x00000000fd200000, 0x00000000fd200000, 0x00000000fd300000|  0%| F|  |TAMS 0x00000000fd200000, 0x00000000fd200000| Untracked 
|  19|0x00000000fd300000, 0x00000000fd300000, 0x00000000fd400000|  0%| F|  |TAMS 0x00000000fd300000, 0x00000000fd300000| Untracked 
|  20|0x00000000fd400000, 0x00000000fd400000, 0x00000000fd500000|  0%| F|  |TAMS 0x00000000fd400000, 0x00000000fd400000| Untracked 
|  21|0x00000000fd500000, 0x00000000fd500000, 0x00000000fd600000|  0%| F|  |TAMS 0x00000000fd500000, 0x00000000fd500000| Untracked 
|  22|0x00000000fd600000, 0x00000000fd600000, 0x00000000fd700000|  0%| F|  |TAMS 0x00000000fd600000, 0x00000000fd600000| Untracked 
|  23|0x00000000fd700000, 0x00000000fd700000, 0x00000000fd800000|  0%| F|  |TAMS 0x00000000fd700000, 0x00000000fd700000| Untracked 
|  24|0x00000000fd800000, 0x00000000fd800000, 0x00000000fd900000|  0%| F|  |TAMS 0x00000000fd800000, 0x00000000fd800000| Untracked 
|  25|0x00000000fd900000, 0x00000000fd900000, 0x00000000fda00000|  0%| F|  |TAMS 0x00000000fd900000, 0x00000000fd900000| Untracked 
|  26|0x00000000fda00000, 0x00000000fda00000, 0x00000000fdb00000|  0%| F|  |TAMS 0x00000000fda00000, 0x00000000fda00000| Untracked 
|  27|0x00000000fdb00000, 0x00000000fdb00000, 0x00000000fdc00000|  0%| F|  |TAMS 0x00000000fdb00000, 0x00000000fdb00000| Untracked 
|  28|0x00000000fdc00000, 0x00000000fdc00000, 0x00000000fdd00000|  0%| F|  |TAMS 0x00000000fdc00000, 0x00000000fdc00000| Untracked 
|  29|0x00000000fdd00000, 0x00000000fdd00000, 0x00000000fde00000|  0%| F|  |TAMS 0x00000000fdd00000, 0x00000000fdd00000| Untracked 
|  30|0x00000000fde00000, 0x00000000fde00000, 0x00000000fdf00000|  0%| F|  |TAMS 0x00000000fde00000, 0x00000000fde00000| Untracked 
|  31|0x00000000fdf00000, 0x00000000fdf00000, 0x00000000fe000000|  0%| F|  |TAMS 0x00000000fdf00000, 0x00000000fdf00000| Untracked 
|  32|0x00000000fe000000, 0x00000000fe000000, 0x00000000fe100000|  0%| F|  |TAMS 0x00000000fe000000, 0x00000000fe000000| Untracked 
|  33|0x00000000fe100000, 0x00000000fe100000, 0x00000000fe200000|  0%| F|  |TAMS 0x00000000fe100000, 0x00000000fe100000| Untracked 
|  34|0x00000000fe200000, 0x00000000fe200000, 0x00000000fe300000|  0%| F|  |TAMS 0x00000000fe200000, 0x00000000fe200000| Untracked 
|  35|0x00000000fe300000, 0x00000000fe300000, 0x00000000fe400000|  0%| F|  |TAMS 0x00000000fe300000, 0x00000000fe300000| Untracked 
|  36|0x00000000fe400000, 0x00000000fe400000, 0x00000000fe500000|  0%| F|  |TAMS 0x00000000fe400000, 0x00000000fe400000| Untracked 
|  37|0x00000000fe500000, 0x00000000fe500000, 0x00000000fe600000|  0%| F|  |TAMS 0x00000000fe500000, 0x00000000fe500000| Untracked 
|  38|0x00000000fe600000, 0x00000000fe600000, 0x00000000fe700000|  0%| F|  |TAMS 0x00000000fe600000, 0x00000000fe600000| Untracked 
|  39|0x00000000fe700000, 0x00000000fe700000, 0x00000000fe800000|  0%| F|  |TAMS 0x00000000fe700000, 0x00000000fe700000| Untracked 
|  40|0x00000000fe800000, 0x00000000fe800000, 0x00000000fe900000|  0%| F|  |TAMS 0x00000000fe800000, 0x00000000fe800000| Untracked 
|  41|0x00000000fe900000, 0x00000000fe900000, 0x00000000fea00000|  0%| F|  |TAMS 0x00000000fe900000, 0x00000000fe900000| Untracked 
|  42|0x00000000fea00000, 0x00000000fea00000, 0x00000000feb00000|  0%| F|  |TAMS 0x00000000fea00000, 0x00000000fea00000| Untracked 
|  43|0x00000000feb00000, 0x00000000feb00000, 0x00000000fec00000|  0%| F|  |TAMS 0x00000000feb00000, 0x00000000feb00000| Untracked 
|  44|0x00000000fec00000, 0x00000000fec00000, 0x00000000fed00000|  0%| F|  |TAMS 0x00000000fec00000, 0x00000000fec00000| Untracked 
|  45|0x00000000fed00000, 0x00000000fed00000, 0x00000000fee00000|  0%| F|  |TAMS 0x00000000fed00000, 0x00000000fed00000| Untracked 
|  46|0x00000000fee00000, 0x00000000fee00000, 0x00000000fef00000|  0%| F|  |TAMS 0x00000000fee00000, 0x00000000fee00000| Untracked 
|  47|0x00000000fef00000, 0x00000000fef00000, 0x00000000ff000000|  0%| F|  |TAMS 0x00000000fef00000, 0x00000000fef00000| Untracked 
|  48|0x00000000ff000000, 0x00000000ff000000, 0x00000000ff100000|  0%| F|  |TAMS 0x00000000ff000000, 0x00000000ff000000| Untracked 
|  49|0x00000000ff100000, 0x00000000ff100000, 0x00000000ff200000|  0%| F|  |TAMS 0x00000000ff100000, 0x00000000ff100000| Untracked 
|  50|0x00000000ff200000, 0x00000000ff200000, 0x00000000ff300000|  0%| F|  |TAMS 0x00000000ff200000, 0x00000000ff200000| Untracked 
|  51|0x00000000ff300000, 0x00000000ff300000, 0x00000000ff400000|  0%| F|  |TAMS 0x00000000ff300000, 0x00000000ff300000| Untracked 
|  52|0x00000000ff400000, 0x00000000ff400000, 0x00000000ff500000|  0%| F|  |TAMS 0x00000000ff400000, 0x00000000ff400000| Untracked 
|  53|0x00000000ff500000, 0x00000000ff500000, 0x00000000ff600000|  0%| F|  |TAMS 0x00000000ff500000, 0x00000000ff500000| Untracked 
|  54|0x00000000ff600000, 0x00000000ff600000, 0x00000000ff700000|  0%| F|  |TAMS 0x00000000ff600000, 0x00000000ff600000| Untracked 
|  55|0x00000000ff700000, 0x00000000ff700000, 0x00000000ff800000|  0%| F|  |TAMS 0x00000000ff700000, 0x00000000ff700000| Untracked 
|  56|0x00000000ff800000, 0x00000000ff800000, 0x00000000ff900000|  0%| F|  |TAMS 0x00000000ff800000, 0x00000000ff800000| Untracked 
|  57|0x00000000ff900000, 0x00000000ff900000, 0x00000000ffa00000|  0%| F|  |TAMS 0x00000000ff900000, 0x00000000ff900000| Untracked 
|  58|0x00000000ffa00000, 0x00000000ffa00000, 0x00000000ffb00000|  0%| F|  |TAMS 0x00000000ffa00000, 0x00000000ffa00000| Untracked 
|  59|0x00000000ffb00000, 0x00000000ffb38928, 0x00000000ffc00000| 22%| S|CS|TAMS 0x00000000ffb00000, 0x00000000ffb00000| Complete 
|  60|0x00000000ffc00000, 0x00000000ffc00000, 0x00000000ffd00000|  0%| F|  |TAMS 0x00000000ffc00000, 0x00000000ffc00000| Untracked 
|  61|0x00000000ffd00000, 0x00000000ffd00000, 0x00000000ffe00000|  0%| F|  |TAMS 0x00000000ffd00000, 0x00000000ffd00000| Untracked 
|  62|0x00000000ffe00000, 0x00000000ffe00000, 0x00000000fff00000|  0%| F|  |TAMS 0x00000000ffe00000, 0x00000000ffe00000| Untracked 
|  63|0x00000000fff00000, 0x00000000fff00000, 0x0000000100000000|  0%| F|  |TAMS 0x00000000fff00000, 0x00000000fff00000| Untracked 

Card table byte_map: [0x00000268650e0000,0x0000026865100000] _byte_map_base: 0x0000026864900000

Marking Bits (Prev, Next): (CMBitMap*) 0x000002684b4ee678, (CMBitMap*) 0x000002684b4ee6b0
 Prev Bits: [0x0000026865120000, 0x0000026865220000)
 Next Bits: [0x0000026865220000, 0x0000026865320000)

Polling page: 0x000002684b5a0000

Metaspace:

Usage:
  Non-class:     10.15 MB capacity,     9.93 MB ( 98%) used,   216.58 KB (  2%) free+waste,    12.44 KB ( <1%) overhead. 
      Class:      1.24 MB capacity,     1.16 MB ( 94%) used,    76.60 KB (  6%) free+waste,     6.06 KB ( <1%) overhead. 
       Both:     11.39 MB capacity,    11.09 MB ( 97%) used,   293.18 KB (  3%) free+waste,    18.50 KB ( <1%) overhead. 

Virtual space:
  Non-class space:       12.00 MB reserved,      10.25 MB ( 85%) committed 
      Class space:        1.00 GB reserved,       1.25 MB ( <1%) committed 
             Both:        1.01 GB reserved,      11.50 MB (  1%) committed 

Chunk freelists:
   Non-Class:  39.00 KB
       Class:  8.00 KB
        Both:  47.00 KB

MaxMetaspaceSize: 17179869184.00 GB
CompressedClassSpaceSize: 1.00 GB
Initial GC threshold: 20.80 MB
Current GC threshold: 21.12 MB
CDS: off

CodeHeap 'non-profiled nmethods': size=120000Kb used=385Kb max_used=385Kb free=119614Kb
 bounds [0x000002685cf20000, 0x000002685d190000, 0x0000026864450000]
CodeHeap 'profiled nmethods': size=120000Kb used=1822Kb max_used=1822Kb free=118177Kb
 bounds [0x00000268559f0000, 0x0000026855c60000, 0x000002685cf20000]
CodeHeap 'non-nmethods': size=5760Kb used=1137Kb max_used=1155Kb free=4622Kb
 bounds [0x0000026855450000, 0x00000268556c0000, 0x00000268559f0000]
 total_blobs=1333 nmethods=955 adapters=291
 compilation: enabled
              stopped_count=0, restarted_count=0
 full_count=0

Compilation events (20 events):
Event: 1.336 Thread 0x0000026867fa8800 nmethod 942 0x0000026855bb2c90 code [0x0000026855bb2e60, 0x0000026855bb31b8]
Event: 1.336 Thread 0x0000026867fa8800  943       3       jdk.internal.loader.Resource::<init> (5 bytes)
Event: 1.336 Thread 0x0000026867fa8800 nmethod 943 0x0000026855bb3290 code [0x0000026855bb3440, 0x0000026855bb3598]
Event: 1.338 Thread 0x0000026867fa8800  949       3       java.lang.Enum::<init> (15 bytes)
Event: 1.338 Thread 0x0000026867fa8800 nmethod 949 0x0000026855bb3690 code [0x0000026855bb3840, 0x0000026855bb39f8]
Event: 1.338 Thread 0x0000026867fa8800  950   !   3       java.util.zip.ZipFile::getInputStream (323 bytes)
Event: 1.339 Thread 0x0000026867fa8800 nmethod 950 0x0000026855bb3a90 code [0x0000026855bb3e00, 0x0000026855bb56f8]
Event: 1.339 Thread 0x0000026867fa8800  951       3       java.util.zip.ZipFile$ZipFileInflaterInputStream::<init> (14 bytes)
Event: 1.339 Thread 0x0000026867fa8800 nmethod 951 0x0000026855bb6510 code [0x0000026855bb66e0, 0x0000026855bb68f8]
Event: 1.347 Thread 0x0000026867fa5800 nmethod 889 0x000002685cf7a710 code [0x000002685cf7aae0, 0x000002685cf7cf78]
Event: 1.347 Thread 0x0000026867fa5800  929       4       java.util.Objects::checkIndex (7 bytes)
Event: 1.348 Thread 0x0000026867fa8800  952       3       java.lang.invoke.MemberName$Factory::resolveOrFail (53 bytes)
Event: 1.348 Thread 0x0000026867fa5800 nmethod 929 0x000002685cf7e610 code [0x000002685cf7e7a0, 0x000002685cf7e818]
Event: 1.348 Thread 0x0000026867fa8800 nmethod 952 0x0000026855bb6a10 code [0x0000026855bb6c40, 0x0000026855bb72f8]
Event: 1.461 Thread 0x0000026869525800 nmethod 893 0x000002685cf7e910 code [0x000002685cf7eb40, 0x000002685cf7f850]
Event: 1.462 Thread 0x0000026867fa5800  953       4       java.lang.invoke.MethodType::parameterType (7 bytes)
Event: 1.462 Thread 0x0000026867fa5800 nmethod 953 0x000002685cf80010 code [0x000002685cf801a0, 0x000002685cf80238]
Event: 1.472 Thread 0x0000026867fa8800  954       3       java.lang.reflect.Modifier::isProtected (12 bytes)
Event: 1.472 Thread 0x0000026867fa8800 nmethod 954 0x0000026855bb7590 code [0x0000026855bb7740, 0x0000026855bb7878]
Event: 1.473 Thread 0x0000026867fa8800  956       3       sun.nio.fs.WindowsPath::<init> (26 bytes)

GC Heap History (4 events):
Event: 1.265 GC heap before
{Heap before GC invocations=0 (full 0):
 garbage-first heap   total 65536K, used 27648K [0x00000000fc000000, 0x0000000100000000)
  region size 1024K, 24 young (24576K), 0 survivors (0K)
 Metaspace       used 10638K, capacity 10905K, committed 11264K, reserved 1058816K
  class space    used 1075K, capacity 1165K, committed 1280K, reserved 1048576K
}
Event: 1.273 GC heap after
{Heap after GC invocations=1 (full 0):
 garbage-first heap   total 65536K, used 10239K [0x00000000fc000000, 0x0000000100000000)
  region size 1024K, 3 young (3072K), 3 survivors (3072K)
 Metaspace       used 10638K, capacity 10905K, committed 11264K, reserved 1058816K
  class space    used 1075K, capacity 1165K, committed 1280K, reserved 1048576K
}
Event: 1.473 GC heap before
{Heap before GC invocations=1 (full 0):
 garbage-first heap   total 65536K, used 13311K [0x00000000fc000000, 0x0000000100000000)
  region size 1024K, 7 young (7168K), 3 survivors (3072K)
 Metaspace       used 11353K, capacity 11665K, committed 11776K, reserved 1060864K
  class space    used 1189K, capacity 1272K, committed 1280K, reserved 1048576K
}
Event: 1.477 GC heap after
{Heap after GC invocations=2 (full 0):
 garbage-first heap   total 65536K, used 10831K [0x00000000fc000000, 0x0000000100000000)
  region size 1024K, 1 young (1024K), 1 survivors (1024K)
 Metaspace       used 11353K, capacity 11665K, committed 11776K, reserved 1060864K
  class space    used 1189K, capacity 1272K, committed 1280K, reserved 1048576K
}

Deoptimization events (20 events):
Event: 1.209 Thread 0x000002684b41c000 Uncommon trap: trap_request=0xffffffde fr.pc=0x000002685cf40ee8 relative=0x00000000000004c8
Event: 1.209 Thread 0x000002684b41c000 Uncommon trap: reason=class_check action=maybe_recompile pc=0x000002685cf40ee8 method=java.util.regex.Matcher.match(II)Z @ 121 c2
Event: 1.209 Thread 0x000002684b41c000 DEOPT PACKING pc=0x000002685cf40ee8 sp=0x000000e20b6fcc10
Event: 1.210 Thread 0x000002684b41c000 DEOPT UNPACKING pc=0x00000268554585af sp=0x000000e20b6fcba8 mode 2
Event: 1.213 Thread 0x000002684b41c000 Uncommon trap: trap_request=0xffffff4d fr.pc=0x000002685cf2df74 relative=0x0000000000000054
Event: 1.213 Thread 0x000002684b41c000 Uncommon trap: reason=unstable_if action=reinterpret pc=0x000002685cf2df74 method=java.util.regex.Pattern.has(I)Z @ 6 c2
Event: 1.213 Thread 0x000002684b41c000 DEOPT PACKING pc=0x000002685cf2df74 sp=0x000000e20b6fca90
Event: 1.213 Thread 0x000002684b41c000 DEOPT UNPACKING pc=0x00000268554585af sp=0x000000e20b6fca20 mode 2
Event: 1.216 Thread 0x000002684b41c000 Uncommon trap: trap_request=0xffffff4d fr.pc=0x000002685cf643d0 relative=0x0000000000000210
Event: 1.216 Thread 0x000002684b41c000 Uncommon trap: reason=unstable_if action=reinterpret pc=0x000002685cf643d0 method=java.util.HashMap.hash(Ljava/lang/Object;)I @ 1 c2
Event: 1.216 Thread 0x000002684b41c000 DEOPT PACKING pc=0x000002685cf643d0 sp=0x000000e20b6fcce0
Event: 1.216 Thread 0x000002684b41c000 DEOPT UNPACKING pc=0x00000268554585af sp=0x000000e20b6fcc18 mode 2
Event: 1.248 Thread 0x000002684b41c000 Uncommon trap: trap_request=0xffffff4d fr.pc=0x000002685cf28810 relative=0x0000000000000070
Event: 1.248 Thread 0x000002684b41c000 Uncommon trap: reason=unstable_if action=reinterpret pc=0x000002685cf28810 method=java.lang.String.isLatin1()Z @ 10 c2
Event: 1.248 Thread 0x000002684b41c000 DEOPT PACKING pc=0x000002685cf28810 sp=0x000000e20b6fc420
Event: 1.248 Thread 0x000002684b41c000 DEOPT UNPACKING pc=0x00000268554585af sp=0x000000e20b6fc360 mode 2
Event: 1.248 Thread 0x000002684b41c000 Uncommon trap: trap_request=0xffffff4d fr.pc=0x000002685cf250f8 relative=0x0000000000000058
Event: 1.248 Thread 0x000002684b41c000 Uncommon trap: reason=unstable_if action=reinterpret pc=0x000002685cf250f8 method=java.lang.String.isLatin1()Z @ 10 c2
Event: 1.248 Thread 0x000002684b41c000 DEOPT PACKING pc=0x000002685cf250f8 sp=0x000000e20b6fc3d0
Event: 1.248 Thread 0x000002684b41c000 DEOPT UNPACKING pc=0x00000268554585af sp=0x000000e20b6fc360 mode 2

Classes redefined (0 events):
No events

Internal exceptions (8 events):
Event: 0.321 Thread 0x000002684b41c000 Exception <a 'java/lang/NoSuchMethodError'{0x00000000ffc63710}: 'int java.lang.invoke.DirectMethodHandle$Holder.invokeStaticInit(java.lang.Object, java.lang.Object)'> (0x00000000ffc63710) thrown at [s\src\hotspot\share\interpreter\linkResolver.cpp, line 773]
Event: 0.363 Thread 0x000002684b41c000 Exception <a 'java/lang/NoSuchMethodError'{0x00000000ffb38c58}: 'int java.lang.invoke.DirectMethodHandle$Holder.invokeSpecial(java.lang.Object, java.lang.Object, java.lang.Object, java.lang.Object)'> (0x00000000ffb38c58) thrown at [s\src\hotspot\share\interpreter\linkResolver.cpp, line 773]
Event: 0.371 Thread 0x000002684b41c000 Exception <a 'java/lang/NoSuchMethodError'{0x00000000ffb71020}: 'int java.lang.invoke.DirectMethodHandle$Holder.invokeSpecialIFC(java.lang.Object, java.lang.Object, int)'> (0x00000000ffb71020) thrown at [s\src\hotspot\share\interpreter\linkResolver.cpp, line 773]
Event: 1.216 Thread 0x000002684b41c000 Implicit null exception at 0x000002685cf641f5 to 0x000002685cf643c0
Event: 1.252 Thread 0x000002684b41c000 Exception <a 'java/lang/NoClassDefFoundError'{0x00000000fe853a60}: org/slf4j/impl/StaticMarkerBinder> (0x00000000fe853a60) thrown at [s\src\hotspot\share\classfile\systemDictionary.cpp, line 219]
Event: 1.289 Thread 0x000002684b41c000 Exception <a 'java/lang/NoSuchMethodError'{0x00000000fff55040}: 'java.lang.Object java.lang.invoke.DirectMethodHandle$Holder.invokeVirtual(java.lang.Object, java.lang.Object, java.lang.Object, java.lang.Object, java.lang.Object, java.lang.Object, java.lang.Object)'> (0x00000000fff55040) thrown at [s\src\hotspot\share\interpreter\linkResolver.cpp, line 773]
Event: 1.292 Thread 0x000002684b41c000 Exception <a 'java/lang/NoSuchMethodError'{0x00000000fff692c8}: 'java.lang.Object java.lang.invoke.Invokers$Holder.invoker(java.lang.Object, java.lang.Object, java.lang.Object)'> (0x00000000fff692c8) thrown at [s\src\hotspot\share\interpreter\linkResolver.cpp, line 773]
Event: 1.294 Thread 0x000002684b41c000 Exception <a 'java/lang/NoSuchMethodError'{0x00000000fff79ee0}: 'void java.lang.invoke.DelegatingMethodHandle$Holder.delegate(java.lang.Object, java.lang.Object, int, java.lang.Object)'> (0x00000000fff79ee0) thrown at [s\src\hotspot\share\interpreter\linkResolver.cpp, line 773]

Events (20 events):
Event: 1.471 Executing VM operation: RevokeBias done
Event: 1.471 Executing VM operation: BulkRevokeBias
Event: 1.471 Executing VM operation: BulkRevokeBias done
Event: 1.471 loading class org/gradle/internal/logging/events/ProgressCompleteEvent
Event: 1.471 loading class org/gradle/internal/logging/events/ProgressCompleteEvent done
Event: 1.472 Executing VM operation: RevokeBias
Event: 1.472 Executing VM operation: RevokeBias done
Event: 1.472 loading class org/gradle/internal/logging/events/ProgressEvent
Event: 1.472 loading class org/gradle/internal/logging/events/ProgressEvent done
Event: 1.472 loading class org/gradle/process/internal/JavaExecHandleFactory
Event: 1.472 loading class org/gradle/process/internal/JavaExecHandleFactory done
Event: 1.472 loading class org/gradle/process/internal/JavaForkOptionsFactory
Event: 1.472 loading class org/gradle/process/internal/JavaForkOptionsFactory done
Event: 1.472 loading class org/gradle/api/internal/ProcessOperations
Event: 1.472 loading class org/gradle/api/internal/ProcessOperations done
Event: 1.472 loading class org/gradle/internal/concurrent/ExecutorFactory
Event: 1.472 loading class org/gradle/internal/concurrent/ExecutorFactory done
Event: 1.472 loading class org/gradle/internal/jvm/inspection/JvmVersionDetector
Event: 1.472 loading class org/gradle/internal/jvm/inspection/JvmVersionDetector done
Event: 1.473 Executing VM operation: CollectForMetadataAllocation


Dynamic libraries:
0x00007ff7f0b30000 - 0x00007ff7f0b3d000 	C:\Program Files\Microsoft\jdk-11.0.20.8-hotspot\bin\java.exe
0x00007ffba91d0000 - 0x00007ffba93e4000 	C:\Windows\SYSTEM32\ntdll.dll
0x00007ffba87b0000 - 0x00007ffba8874000 	C:\Windows\System32\KERNEL32.DLL
0x00007ffba6a50000 - 0x00007ffba6df4000 	C:\Windows\System32\KERNELBASE.dll
0x00007ffba67c0000 - 0x00007ffba68d1000 	C:\Windows\System32\ucrtbase.dll
0x00007ffb6cc20000 - 0x00007ffb6cc37000 	C:\Program Files\Microsoft\jdk-11.0.20.8-hotspot\bin\jli.dll
0x00007ffba8f70000 - 0x00007ffba911a000 	C:\Windows\System32\USER32.dll
0x00007ffba6ea0000 - 0x00007ffba6ec6000 	C:\Windows\System32\win32u.dll
0x00007ffb6cc40000 - 0x00007ffb6cc55000 	C:\Program Files\Microsoft\jdk-11.0.20.8-hotspot\bin\VCRUNTIME140.dll
0x00007ffba7710000 - 0x00007ffba7739000 	C:\Windows\System32\GDI32.dll
0x00007ffb907c0000 - 0x00007ffb90a4f000 	C:\Windows\WinSxS\amd64_microsoft.windows.common-controls_6595b64144ccf1df_6.0.22621.2070_none_2713e6537381f706\COMCTL32.dll
0x00007ffba6620000 - 0x00007ffba6739000 	C:\Windows\System32\gdi32full.dll
0x00007ffba7d40000 - 0x00007ffba7de7000 	C:\Windows\System32\msvcrt.dll
0x00007ffba6e00000 - 0x00007ffba6e9a000 	C:\Windows\System32\msvcp_win.dll
0x00007ffba77e0000 - 0x00007ffba7811000 	C:\Windows\System32\IMM32.DLL
0x00007ffb6c910000 - 0x00007ffb6c9ab000 	C:\Program Files\Microsoft\jdk-11.0.20.8-hotspot\bin\msvcp140.dll
0x00007ffb50000000 - 0x00007ffb50b96000 	C:\Program Files\Microsoft\jdk-11.0.20.8-hotspot\bin\server\jvm.dll
0x00007ffba8d70000 - 0x00007ffba8e20000 	C:\Windows\System32\ADVAPI32.dll
0x00007ffba7660000 - 0x00007ffba7706000 	C:\Windows\System32\sechost.dll
0x00007ffba7b20000 - 0x00007ffba7c37000 	C:\Windows\System32\RPCRT4.dll
0x00007ffba77d0000 - 0x00007ffba77d8000 	C:\Windows\System32\PSAPI.DLL
0x00007ffb98d70000 - 0x00007ffb98d79000 	C:\Windows\SYSTEM32\WSOCK32.dll
0x00007ffb9dca0000 - 0x00007ffb9dcd4000 	C:\Windows\SYSTEM32\WINMM.dll
0x00007ffba74e0000 - 0x00007ffba7551000 	C:\Windows\System32\WS2_32.dll
0x00007ffb9fdb0000 - 0x00007ffb9fdba000 	C:\Windows\SYSTEM32\VERSION.dll
0x00007ffba5650000 - 0x00007ffba5668000 	C:\Windows\SYSTEM32\kernel.appcore.dll
0x00007ffb6d820000 - 0x00007ffb6d830000 	C:\Program Files\Microsoft\jdk-11.0.20.8-hotspot\bin\verify.dll
0x00007ffb9a190000 - 0x00007ffb9a3be000 	C:\Windows\SYSTEM32\DBGHELP.DLL
0x00007ffba89c0000 - 0x00007ffba8d4a000 	C:\Windows\System32\combase.dll
0x00007ffba88e0000 - 0x00007ffba89b7000 	C:\Windows\System32\OLEAUT32.dll
0x00007ffb8f9c0000 - 0x00007ffb8f9f2000 	C:\Windows\SYSTEM32\dbgcore.DLL
0x00007ffba6740000 - 0x00007ffba67ba000 	C:\Windows\System32\bcryptPrimitives.dll
0x00007ffb6cbf0000 - 0x00007ffb6cc18000 	C:\Program Files\Microsoft\jdk-11.0.20.8-hotspot\bin\java.dll
0x00007ffb6d570000 - 0x00007ffb6d57a000 	C:\Program Files\Microsoft\jdk-11.0.20.8-hotspot\bin\jimage.dll
0x00007ffb6cbd0000 - 0x00007ffb6cbe8000 	C:\Program Files\Microsoft\jdk-11.0.20.8-hotspot\bin\zip.dll
0x00007ffba7df0000 - 0x00007ffba8606000 	C:\Windows\System32\SHELL32.dll
0x00007ffba4540000 - 0x00007ffba4e2a000 	C:\Windows\SYSTEM32\windows.storage.dll
0x00007ffba4400000 - 0x00007ffba453e000 	C:\Windows\SYSTEM32\wintypes.dll
0x00007ffba7c40000 - 0x00007ffba7d33000 	C:\Windows\System32\SHCORE.dll
0x00007ffba8880000 - 0x00007ffba88de000 	C:\Windows\System32\shlwapi.dll
0x00007ffba64e0000 - 0x00007ffba6506000 	C:\Windows\SYSTEM32\profapi.dll
0x00007ffb6cbb0000 - 0x00007ffb6cbc9000 	C:\Program Files\Microsoft\jdk-11.0.20.8-hotspot\bin\net.dll
0x00007ffb9fba0000 - 0x00007ffb9fcd7000 	C:\Windows\SYSTEM32\WINHTTP.dll
0x00007ffba5b10000 - 0x00007ffba5b79000 	C:\Windows\system32\mswsock.dll
0x00007ffb6caf0000 - 0x00007ffb6cb03000 	C:\Program Files\Microsoft\jdk-11.0.20.8-hotspot\bin\nio.dll
0x00007ffb4ffd0000 - 0x00007ffb4fff7000 	C:\Users\38063\.gradle\native\68d5fa5c4cc2d200863cafc0d521ce42e7d3e7ee720ec0a83991735586a16f82\windows-amd64\native-platform.dll

dbghelp: loaded successfully - version: 4.0.5 - missing functions: none
symbol engine: initialized successfully - sym options: 0x614 - pdb path: .;C:\Program Files\Microsoft\jdk-11.0.20.8-hotspot\bin;C:\Windows\SYSTEM32;C:\Windows\WinSxS\amd64_microsoft.windows.common-controls_6595b64144ccf1df_6.0.22621.2070_none_2713e6537381f706;C:\Program Files\Microsoft\jdk-11.0.20.8-hotspot\bin\server;C:\Users\38063\.gradle\native\68d5fa5c4cc2d200863cafc0d521ce42e7d3e7ee720ec0a83991735586a16f82\windows-amd64

VM Arguments:
jvm_args: -Xmx64m -Xms64m -Dorg.gradle.appname=gradlew 
java_command: org.gradle.wrapper.GradleWrapperMain tasks
java_class_path (initial): C:\Users\38063\Desktop\ReactNativeApp\toDoProject\android\\gradle\wrapper\gradle-wrapper.jar
Launcher Type: SUN_STANDARD

[Global flags]
     intx CICompilerCount                          = 4                                         {product} {ergonomic}
     uint ConcGCThreads                            = 3                                         {product} {ergonomic}
     uint G1ConcRefinementThreads                  = 10                                        {product} {ergonomic}
   size_t G1HeapRegionSize                         = 1048576                                   {product} {ergonomic}
    uintx GCDrainStackTargetSize                   = 64                                        {product} {ergonomic}
   size_t InitialHeapSize                          = 67108864                                  {product} {command line}
   size_t MarkStackSize                            = 4194304                                   {product} {ergonomic}
   size_t MaxHeapSize                              = 67108864                                  {product} {command line}
   size_t MaxNewSize                               = 39845888                                  {product} {ergonomic}
   size_t MinHeapDeltaBytes                        = 1048576                                   {product} {ergonomic}
    uintx NonNMethodCodeHeapSize                   = 5836300                                {pd product} {ergonomic}
    uintx NonProfiledCodeHeapSize                  = 122910970                              {pd product} {ergonomic}
    uintx ProfiledCodeHeapSize                     = 122910970                              {pd product} {ergonomic}
    uintx ReservedCodeCacheSize                    = 251658240                              {pd product} {ergonomic}
     bool SegmentedCodeCache                       = true                                      {product} {ergonomic}
     bool UseCompressedClassPointers               = true                                 {lp64_product} {ergonomic}
     bool UseCompressedOops                        = true                                 {lp64_product} {ergonomic}
     bool UseG1GC                                  = true                                      {product} {ergonomic}
     bool UseLargePagesIndividualAllocation        = false                                  {pd product} {ergonomic}

Logging:
Log output configuration:
 #0: stdout all=warning uptime,level,tags
 #1: stderr all=off uptime,level,tags

Environment Variables:
JAVA_HOME=C:\Program Files\Microsoft\jdk-11.0.20.8-hotspot\
CLASSPATH=C:\Users\38063\Desktop\ReactNativeApp\toDoProject\android\\gradle\wrapper\gradle-wrapper.jar
PATH=C:\Users\38063\Desktop\ReactNativeApp\toDoProject\node_modules\.bin;C:\Users\38063\Desktop\ReactNativeApp\toDoProject\node_modules\.bin;C:\Users\38063\Desktop\ReactNativeApp\node_modules\.bin;C:\Users\38063\Desktop\node_modules\.bin;C:\Users\38063\node_modules\.bin;C:\Users\node_modules\.bin;C:\node_modules\.bin;C:\Program Files\nodejs\node_modules\npm\node_modules\@npmcli\run-script\lib\node-gyp-bin;C:\Users\38063\Desktop\ReactNativeApp\toDoProject\node_modules\.bin;C:\Users\38063\Desktop\ReactNativeApp\node_modules\.bin;C:\Users\38063\Desktop\node_modules\.bin;C:\Users\38063\node_modules\.bin;C:\Users\node_modules\.bin;C:\node_modules\.bin;C:\Program Files\nodejs\node_modules\npm\node_modules\@npmcli\run-script\lib\node-gyp-bin;C:\Program Files\Microsoft\jdk-11.0.20.8-hotspot\bin;C:\Program Files\Common Files\Oracle\Java\javapath;C:\Windows\system32;C:\Windows;C:\Windows\System32\Wbem;C:\Windows\System32\WindowsPowerShell\v1.0\;C:\Windows\System32\OpenSSH\;C:\Program Files\NVIDIA Corporation\NVIDIA NvDLISR;C:\Program Files (x86)\NVIDIA Corporation\PhysX\Common;C:\ProgramData\chocolatey\bin;D:\Git\cmd;C:\Program Files\Microsoft\jdk-11.0.20.8-hotspot\\bin;D:\AndroidSDK;D:\AndroidSDK\platform-tools;D:\AndroidSDK\watchman;C:\Program Files\nodejs\;D:\AndroidSDK\tools;C:\Users\38063\AppData\Local\Microsoft\WindowsApps;C:\Users\38063\AppData\Local\Programs\Microsoft VS Code\bin;C:\Users\38063\AppData\Local\gitkraken\bin;C:\Users\38063\AppData\Roaming\npm
USERNAME=Lio
LANG=en_US.UTF-8
OS=Windows_NT
PROCESSOR_IDENTIFIER=Intel64 Family 6 Model 167 Stepping 1, GenuineIntel
TMP=C:\Users\38063\AppData\Local\Temp
TEMP=C:\Users\38063\AppData\Local\Temp



---------------  S Y S T E M  ---------------

OS: Windows 11 , 64 bit Build 22621 (10.0.22621.2070)
OS uptime: 0 days 3:56 hours
Hyper-V role detected

CPU:total 12 (initial active 12) (6 cores per cpu, 2 threads per core) family 6 model 167 stepping 1 microcode 0x40, cmov, cx8, fxsr, mmx, sse, sse2, sse3, ssse3, sse4.1, sse4.2, popcnt, avx, avx2, aes, clmul, erms, 3dnowpref, lzcnt, ht, tsc, tscinvbit, bmi1, bmi2, adx, evex, sha, fma

Memory: 4k page, system-wide physical 16263M (1769M free)
TotalPageFile size 19962M (AvailPageFile size 0M)
current process WorkingSet (physical memory assigned to process): 88M, peak: 88M
current process commit charge ("private bytes"): 163M, peak: 164M

vm_info: OpenJDK 64-Bit Server VM (11.0.20+8-LTS) for windows-amd64 JRE (11.0.20+8-LTS), built on Jul  7 2023 17:05:21 by "MicrosoftCorporation" with MS VC++ 15.9 (VS2017)

END.
