#
# There is insufficient memory for the Java Runtime Environment to continue.
# Native memory allocation (malloc) failed to allocate 9104 bytes for AllocateHeap
# Possible reasons:
#   The system is out of physical RAM or swap space
#   The process is running with CompressedOops enabled, and the Java Heap may be blocking the growth of the native heap
# Possible solutions:
#   Reduce memory load on the system
#   Increase physical memory or swap space
#   Check if swap backing store is full
#   Decrease Java heap size (-Xmx/-Xms)
#   Decrease number of Java threads
#   Decrease Java thread stack sizes (-Xss)
#   Set larger code cache with -XX:ReservedCodeCacheSize=
#   JVM is running with Unscaled Compressed Oops mode in which the Java heap is
#     placed in the first 4GB address space. The Java Heap base address is the
#     maximum limit for the native heap growth. Please use -XX:HeapBaseMinAddress
#     to set the Java Heap base and to place the Java Heap above 4GB virtual address.
# This output file may be truncated or incomplete.
#
#  Out of Memory Error (allocation.cpp:46), pid=22484, tid=21052
#
# JRE version: OpenJDK Runtime Environment Microsoft-8035250 (11.0.20+8) (build 11.0.20+8-LTS)
# Java VM: OpenJDK 64-Bit Server VM Microsoft-8035250 (11.0.20+8-LTS, mixed mode, tiered, compressed oops, g1 gc, windows-amd64)
# No core dump will be written. Minidumps are not enabled by default on client versions of Windows
#

---------------  S U M M A R Y ------------

Command Line: -Xmx64m -Xms64m -Dorg.gradle.appname=gradlew org.gradle.wrapper.GradleWrapperMain tasks

Host: 11th Gen Intel(R) Core(TM) i5-11400F @ 2.60GHz, 12 cores, 15G,  Windows 11 , 64 bit Build 22621 (10.0.22621.2070)
Time: Tue Aug 22 14:38:12 2023  Windows 11 , 64 bit Build 22621 (10.0.22621.2070) elapsed time: 0.178938 seconds (0d 0h 0m 0s)

---------------  T H R E A D  ---------------

Current thread (0x00000249d8bcc000):  JavaThread "main" [_thread_in_Java, id=21052, stack(0x0000005678900000,0x0000005678a00000)]

Stack: [0x0000005678900000,0x0000005678a00000]
[error occurred during error reporting (printing stack bounds), id 0xc0000005, EXCEPTION_ACCESS_VIOLATION (0xc0000005) at pc=0x00007ffb506a074a]

Native frames: (J=compiled Java code, j=interpreted, Vv=VM code, C=native code)
V  [jvm.dll+0x62e9da]
V  [jvm.dll+0x7bc4e9]
V  [jvm.dll+0x7bdbd8]
V  [jvm.dll+0x7be215]
V  [jvm.dll+0x7be1cb]
V  [jvm.dll+0x62dd67]
V  [jvm.dll+0x62e478]
C  [ntdll.dll+0xa3dff]
C  [ntdll.dll+0x1e456]
C  [ntdll.dll+0xa2dee]
V  [jvm.dll+0x6a074a]
C  0x00000249e13488be

Java frames: (J=compiled Java code, j=interpreted, Vv=VM code)
v  blob 0x00000249e134852b
J 68 c2 java.lang.String.hashCode()I java.base@11.0.20 (49 bytes) @ 0x00000249e8e141a4 [0x00000249e8e14020+0x0000000000000184]
j  sun.util.locale.BaseLocale.hashCode()I+25 java.base@11.0.20
j  java.util.concurrent.ConcurrentHashMap.get(Ljava/lang/Object;)Ljava/lang/Object;+1 java.base@11.0.20
j  sun.util.locale.LocaleObjectCache.get(Ljava/lang/Object;)Ljava/lang/Object;+11 java.base@11.0.20
j  java.util.Locale.getInstance(Lsun/util/locale/BaseLocale;Lsun/util/locale/LocaleExtensions;)Ljava/util/Locale;+8 java.base@11.0.20
j  java.util.Locale.createConstant(Ljava/lang/String;Ljava/lang/String;)Ljava/util/Locale;+8 java.base@11.0.20
j  java.util.Locale.<clinit>()V+30 java.base@11.0.20
v  ~StubRoutines::call_stub
j  java.lang.String.toLowerCase()Ljava/lang/String;+1 java.base@11.0.20
j  sun.net.util.URLUtil.urlNoFragString(Ljava/net/URL;)Ljava/lang/String;+18 java.base@11.0.20
j  jdk.internal.loader.URLClassPath.getLoader(I)Ljdk/internal/loader/URLClassPath$Loader;+61 java.base@11.0.20
j  jdk.internal.loader.URLClassPath.getResource(Ljava/lang/String;Z)Ljdk/internal/loader/Resource;+42 java.base@11.0.20
j  jdk.internal.loader.BuiltinClassLoader.findClassOnClassPathOrNull(Ljava/lang/String;)Ljava/lang/Class;+26 java.base@11.0.20
j  jdk.internal.loader.BuiltinClassLoader.loadClassOrNull(Ljava/lang/String;Z)Ljava/lang/Class;+111 java.base@11.0.20
j  jdk.internal.loader.BuiltinClassLoader.loadClass(Ljava/lang/String;Z)Ljava/lang/Class;+3 java.base@11.0.20
j  jdk.internal.loader.ClassLoaders$AppClassLoader.loadClass(Ljava/lang/String;Z)Ljava/lang/Class;+36 java.base@11.0.20
j  java.lang.ClassLoader.loadClass(Ljava/lang/String;)Ljava/lang/Class;+3 java.base@11.0.20
v  ~StubRoutines::call_stub
j  java.lang.Class.forName0(Ljava/lang/String;ZLjava/lang/ClassLoader;Ljava/lang/Class;)Ljava/lang/Class;+0 java.base@11.0.20
j  java.lang.Class.forName(Ljava/lang/String;ZLjava/lang/ClassLoader;)Ljava/lang/Class;+43 java.base@11.0.20
j  sun.launcher.LauncherHelper.loadMainClass(ILjava/lang/String;)Ljava/lang/Class;+93 java.base@11.0.20
j  sun.launcher.LauncherHelper.checkAndLoadMain(ZILjava/lang/String;)Ljava/lang/Class;+42 java.base@11.0.20
v  ~StubRoutines::call_stub

---------------  P R O C E S S  ---------------

Threads class SMR info:
_java_thread_list=0x00000249f3725cb0, length=9, elements={
0x00000249d8bcc000, 0x00000249f36bb800, 0x00000249f36bf800, 0x00000249f371f000,
0x00000249f3720000, 0x00000249f3721000, 0x00000249f3722800, 0x00000249f3729800,
0x00000249f407c000
}

Java Threads: ( => current thread )
=>0x00000249d8bcc000 JavaThread "main" [_thread_in_Java, id=21052, stack(0x0000005678900000,0x0000005678a00000)]
  0x00000249f36bb800 JavaThread "Reference Handler" daemon [_thread_blocked, id=20968, stack(0x0000005679000000,0x0000005679100000)]
  0x00000249f36bf800 JavaThread "Finalizer" daemon [_thread_blocked, id=20192, stack(0x0000005679100000,0x0000005679200000)]
  0x00000249f371f000 JavaThread "Signal Dispatcher" daemon [_thread_blocked, id=21868, stack(0x0000005679200000,0x0000005679300000)]
  0x00000249f3720000 JavaThread "Attach Listener" daemon [_thread_blocked, id=21876, stack(0x0000005679300000,0x0000005679400000)]
  0x00000249f3721000 JavaThread "Service Thread" daemon [_thread_blocked, id=21880, stack(0x0000005679400000,0x0000005679500000)]
  0x00000249f3722800 JavaThread "C2 CompilerThread0" daemon [_thread_blocked, id=18812, stack(0x0000005679500000,0x0000005679600000)]
  0x00000249f3729800 JavaThread "C1 CompilerThread0" daemon [_thread_blocked, id=20780, stack(0x0000005679600000,0x0000005679700000)]
  0x00000249f407c000 JavaThread "Sweeper thread" daemon [_thread_blocked, id=20776, stack(0x0000005679700000,0x0000005679800000)]

Other Threads:
  0x00000249f3696000 VMThread "VM Thread" [stack: 0x0000005678f00000,0x0000005679000000] [id=20904]
  0x00000249f41c1000 WatcherThread [stack: 0x0000005679800000,0x0000005679900000] [id=21552]
  0x00000249d8be4800 GCTaskThread "GC Thread#0" [stack: 0x0000005678a00000,0x0000005678b00000] [id=21144]
  0x00000249d8bec000 ConcurrentGCThread "G1 Main Marker" [stack: 0x0000005678b00000,0x0000005678c00000] [id=21092]
  0x00000249d8bee000 ConcurrentGCThread "G1 Conc#0" [stack: 0x0000005678c00000,0x0000005678d00000] [id=21292]
  0x00000249d8c5e800 ConcurrentGCThread "G1 Refine#0" [stack: 0x0000005678d00000,0x0000005678e00000] [id=21288]
  0x00000249d8c61800 ConcurrentGCThread "G1 Young RemSet Sampling" [stack: 0x0000005678e00000,0x0000005678f00000] [id=21216]

Threads with active compile tasks:

VM state:not at safepoint (normal execution)

VM Mutex/Monitor currently owned by a thread: None

Heap address: 0x00000000fc000000, size: 64 MB, Compressed Oops mode: 32-bit
Narrow klass base: 0x0000000000000000, Narrow klass shift: 3
Compressed class space size: 1073741824 Address: 0x0000000100000000

Heap:
 garbage-first heap   total 65536K, used 1024K [0x00000000fc000000, 0x0000000100000000)
  region size 1024K, 2 young (2048K), 0 survivors (0K)
 Metaspace       used 3366K, capacity 4480K, committed 4480K, reserved 1056768K
  class space    used 281K, capacity 384K, committed 384K, reserved 1048576K
Heap Regions: E=young(eden), S=young(survivor), O=old, HS=humongous(starts), HC=humongous(continues), CS=collection set, F=free, A=archive, TAMS=top-at-mark-start (previous, next)
|   0|0x00000000fc000000, 0x00000000fc000000, 0x00000000fc100000|  0%| F|  |TAMS 0x00000000fc000000, 0x00000000fc000000| Untracked 
|   1|0x00000000fc100000, 0x00000000fc100000, 0x00000000fc200000|  0%| F|  |TAMS 0x00000000fc100000, 0x00000000fc100000| Untracked 
|   2|0x00000000fc200000, 0x00000000fc200000, 0x00000000fc300000|  0%| F|  |TAMS 0x00000000fc200000, 0x00000000fc200000| Untracked 
|   3|0x00000000fc300000, 0x00000000fc300000, 0x00000000fc400000|  0%| F|  |TAMS 0x00000000fc300000, 0x00000000fc300000| Untracked 
|   4|0x00000000fc400000, 0x00000000fc400000, 0x00000000fc500000|  0%| F|  |TAMS 0x00000000fc400000, 0x00000000fc400000| Untracked 
|   5|0x00000000fc500000, 0x00000000fc500000, 0x00000000fc600000|  0%| F|  |TAMS 0x00000000fc500000, 0x00000000fc500000| Untracked 
|   6|0x00000000fc600000, 0x00000000fc600000, 0x00000000fc700000|  0%| F|  |TAMS 0x00000000fc600000, 0x00000000fc600000| Untracked 
|   7|0x00000000fc700000, 0x00000000fc700000, 0x00000000fc800000|  0%| F|  |TAMS 0x00000000fc700000, 0x00000000fc700000| Untracked 
|   8|0x00000000fc800000, 0x00000000fc800000, 0x00000000fc900000|  0%| F|  |TAMS 0x00000000fc800000, 0x00000000fc800000| Untracked 
|   9|0x00000000fc900000, 0x00000000fc900000, 0x00000000fca00000|  0%| F|  |TAMS 0x00000000fc900000, 0x00000000fc900000| Untracked 
|  10|0x00000000fca00000, 0x00000000fca00000, 0x00000000fcb00000|  0%| F|  |TAMS 0x00000000fca00000, 0x00000000fca00000| Untracked 
|  11|0x00000000fcb00000, 0x00000000fcb00000, 0x00000000fcc00000|  0%| F|  |TAMS 0x00000000fcb00000, 0x00000000fcb00000| Untracked 
|  12|0x00000000fcc00000, 0x00000000fcc00000, 0x00000000fcd00000|  0%| F|  |TAMS 0x00000000fcc00000, 0x00000000fcc00000| Untracked 
|  13|0x00000000fcd00000, 0x00000000fcd00000, 0x00000000fce00000|  0%| F|  |TAMS 0x00000000fcd00000, 0x00000000fcd00000| Untracked 
|  14|0x00000000fce00000, 0x00000000fce00000, 0x00000000fcf00000|  0%| F|  |TAMS 0x00000000fce00000, 0x00000000fce00000| Untracked 
|  15|0x00000000fcf00000, 0x00000000fcf00000, 0x00000000fd000000|  0%| F|  |TAMS 0x00000000fcf00000, 0x00000000fcf00000| Untracked 
|  16|0x00000000fd000000, 0x00000000fd000000, 0x00000000fd100000|  0%| F|  |TAMS 0x00000000fd000000, 0x00000000fd000000| Untracked 
|  17|0x00000000fd100000, 0x00000000fd100000, 0x00000000fd200000|  0%| F|  |TAMS 0x00000000fd100000, 0x00000000fd100000| Untracked 
|  18|0x00000000fd200000, 0x00000000fd200000, 0x00000000fd300000|  0%| F|  |TAMS 0x00000000fd200000, 0x00000000fd200000| Untracked 
|  19|0x00000000fd300000, 0x00000000fd300000, 0x00000000fd400000|  0%| F|  |TAMS 0x00000000fd300000, 0x00000000fd300000| Untracked 
|  20|0x00000000fd400000, 0x00000000fd400000, 0x00000000fd500000|  0%| F|  |TAMS 0x00000000fd400000, 0x00000000fd400000| Untracked 
|  21|0x00000000fd500000, 0x00000000fd500000, 0x00000000fd600000|  0%| F|  |TAMS 0x00000000fd500000, 0x00000000fd500000| Untracked 
|  22|0x00000000fd600000, 0x00000000fd600000, 0x00000000fd700000|  0%| F|  |TAMS 0x00000000fd600000, 0x00000000fd600000| Untracked 
|  23|0x00000000fd700000, 0x00000000fd700000, 0x00000000fd800000|  0%| F|  |TAMS 0x00000000fd700000, 0x00000000fd700000| Untracked 
|  24|0x00000000fd800000, 0x00000000fd800000, 0x00000000fd900000|  0%| F|  |TAMS 0x00000000fd800000, 0x00000000fd800000| Untracked 
|  25|0x00000000fd900000, 0x00000000fd900000, 0x00000000fda00000|  0%| F|  |TAMS 0x00000000fd900000, 0x00000000fd900000| Untracked 
|  26|0x00000000fda00000, 0x00000000fda00000, 0x00000000fdb00000|  0%| F|  |TAMS 0x00000000fda00000, 0x00000000fda00000| Untracked 
|  27|0x00000000fdb00000, 0x00000000fdb00000, 0x00000000fdc00000|  0%| F|  |TAMS 0x00000000fdb00000, 0x00000000fdb00000| Untracked 
|  28|0x00000000fdc00000, 0x00000000fdc00000, 0x00000000fdd00000|  0%| F|  |TAMS 0x00000000fdc00000, 0x00000000fdc00000| Untracked 
|  29|0x00000000fdd00000, 0x00000000fdd00000, 0x00000000fde00000|  0%| F|  |TAMS 0x00000000fdd00000, 0x00000000fdd00000| Untracked 
|  30|0x00000000fde00000, 0x00000000fde00000, 0x00000000fdf00000|  0%| F|  |TAMS 0x00000000fde00000, 0x00000000fde00000| Untracked 
|  31|0x00000000fdf00000, 0x00000000fdf00000, 0x00000000fe000000|  0%| F|  |TAMS 0x00000000fdf00000, 0x00000000fdf00000| Untracked 
|  32|0x00000000fe000000, 0x00000000fe000000, 0x00000000fe100000|  0%| F|  |TAMS 0x00000000fe000000, 0x00000000fe000000| Untracked 
|  33|0x00000000fe100000, 0x00000000fe100000, 0x00000000fe200000|  0%| F|  |TAMS 0x00000000fe100000, 0x00000000fe100000| Untracked 
|  34|0x00000000fe200000, 0x00000000fe200000, 0x00000000fe300000|  0%| F|  |TAMS 0x00000000fe200000, 0x00000000fe200000| Untracked 
|  35|0x00000000fe300000, 0x00000000fe300000, 0x00000000fe400000|  0%| F|  |TAMS 0x00000000fe300000, 0x00000000fe300000| Untracked 
|  36|0x00000000fe400000, 0x00000000fe400000, 0x00000000fe500000|  0%| F|  |TAMS 0x00000000fe400000, 0x00000000fe400000| Untracked 
|  37|0x00000000fe500000, 0x00000000fe500000, 0x00000000fe600000|  0%| F|  |TAMS 0x00000000fe500000, 0x00000000fe500000| Untracked 
|  38|0x00000000fe600000, 0x00000000fe600000, 0x00000000fe700000|  0%| F|  |TAMS 0x00000000fe600000, 0x00000000fe600000| Untracked 
|  39|0x00000000fe700000, 0x00000000fe700000, 0x00000000fe800000|  0%| F|  |TAMS 0x00000000fe700000, 0x00000000fe700000| Untracked 
|  40|0x00000000fe800000, 0x00000000fe800000, 0x00000000fe900000|  0%| F|  |TAMS 0x00000000fe800000, 0x00000000fe800000| Untracked 
|  41|0x00000000fe900000, 0x00000000fe900000, 0x00000000fea00000|  0%| F|  |TAMS 0x00000000fe900000, 0x00000000fe900000| Untracked 
|  42|0x00000000fea00000, 0x00000000fea00000, 0x00000000feb00000|  0%| F|  |TAMS 0x00000000fea00000, 0x00000000fea00000| Untracked 
|  43|0x00000000feb00000, 0x00000000feb00000, 0x00000000fec00000|  0%| F|  |TAMS 0x00000000feb00000, 0x00000000feb00000| Untracked 
|  44|0x00000000fec00000, 0x00000000fec00000, 0x00000000fed00000|  0%| F|  |TAMS 0x00000000fec00000, 0x00000000fec00000| Untracked 
|  45|0x00000000fed00000, 0x00000000fed00000, 0x00000000fee00000|  0%| F|  |TAMS 0x00000000fed00000, 0x00000000fed00000| Untracked 
|  46|0x00000000fee00000, 0x00000000fee00000, 0x00000000fef00000|  0%| F|  |TAMS 0x00000000fee00000, 0x00000000fee00000| Untracked 
|  47|0x00000000fef00000, 0x00000000fef00000, 0x00000000ff000000|  0%| F|  |TAMS 0x00000000fef00000, 0x00000000fef00000| Untracked 
|  48|0x00000000ff000000, 0x00000000ff000000, 0x00000000ff100000|  0%| F|  |TAMS 0x00000000ff000000, 0x00000000ff000000| Untracked 
|  49|0x00000000ff100000, 0x00000000ff100000, 0x00000000ff200000|  0%| F|  |TAMS 0x00000000ff100000, 0x00000000ff100000| Untracked 
|  50|0x00000000ff200000, 0x00000000ff200000, 0x00000000ff300000|  0%| F|  |TAMS 0x00000000ff200000, 0x00000000ff200000| Untracked 
|  51|0x00000000ff300000, 0x00000000ff300000, 0x00000000ff400000|  0%| F|  |TAMS 0x00000000ff300000, 0x00000000ff300000| Untracked 
|  52|0x00000000ff400000, 0x00000000ff400000, 0x00000000ff500000|  0%| F|  |TAMS 0x00000000ff400000, 0x00000000ff400000| Untracked 
|  53|0x00000000ff500000, 0x00000000ff500000, 0x00000000ff600000|  0%| F|  |TAMS 0x00000000ff500000, 0x00000000ff500000| Untracked 
|  54|0x00000000ff600000, 0x00000000ff600000, 0x00000000ff700000|  0%| F|  |TAMS 0x00000000ff600000, 0x00000000ff600000| Untracked 
|  55|0x00000000ff700000, 0x00000000ff700000, 0x00000000ff800000|  0%| F|  |TAMS 0x00000000ff700000, 0x00000000ff700000| Untracked 
|  56|0x00000000ff800000, 0x00000000ff800000, 0x00000000ff900000|  0%| F|  |TAMS 0x00000000ff800000, 0x00000000ff800000| Untracked 
|  57|0x00000000ff900000, 0x00000000ff900000, 0x00000000ffa00000|  0%| F|  |TAMS 0x00000000ff900000, 0x00000000ff900000| Untracked 
|  58|0x00000000ffa00000, 0x00000000ffa00000, 0x00000000ffb00000|  0%| F|  |TAMS 0x00000000ffa00000, 0x00000000ffa00000| Untracked 
|  59|0x00000000ffb00000, 0x00000000ffb00000, 0x00000000ffc00000|  0%| F|  |TAMS 0x00000000ffb00000, 0x00000000ffb00000| Untracked 
|  60|0x00000000ffc00000, 0x00000000ffc00000, 0x00000000ffd00000|  0%| F|  |TAMS 0x00000000ffc00000, 0x00000000ffc00000| Untracked 
|  61|0x00000000ffd00000, 0x00000000ffd00000, 0x00000000ffe00000|  0%| F|  |TAMS 0x00000000ffd00000, 0x00000000ffd00000| Untracked 
|  62|0x00000000ffe00000, 0x00000000ffe7b688, 0x00000000fff00000| 48%| E|  |TAMS 0x00000000ffe00000, 0x00000000ffe00000| Complete 
|  63|0x00000000fff00000, 0x0000000100000000, 0x0000000100000000|100%| E|CS|TAMS 0x00000000fff00000, 0x00000000fff00000| Complete 

Card table byte_map: [0x00000249d8af0000,0x00000249d8b10000] _byte_map_base: 0x00000249d8310000

Marking Bits (Prev, Next): (CMBitMap*) 0x00000249d8bead78, (CMBitMap*) 0x00000249d8beadb0
 Prev Bits: [0x00000249f08a0000, 0x00000249f09a0000)
 Next Bits: [0x00000249f09a0000, 0x00000249f0aa0000)

Polling page: 0x00000249d6bc0000

Metaspace:

Usage:
  Non-class:      4.00 MB capacity,     3.01 MB ( 75%) used,  1010.80 KB ( 25%) free+waste,    64 bytes ( <1%) overhead. 
      Class:    384.00 KB capacity,   281.46 KB ( 73%) used,   102.48 KB ( 27%) free+waste,    64 bytes ( <1%) overhead. 
       Both:      4.38 MB capacity,     3.29 MB ( 75%) used,     1.09 MB ( 25%) free+waste,   128 bytes ( <1%) overhead. 

Virtual space:
  Non-class space:        8.00 MB reserved,       4.00 MB ( 50%) committed 
      Class space:        1.00 GB reserved,     384.00 KB ( <1%) committed 
             Both:        1.01 GB reserved,       4.38 MB ( <1%) committed 

Chunk freelists:
   Non-Class:  0 bytes
       Class:  0 bytes
        Both:  0 bytes

MaxMetaspaceSize: 17179869184.00 GB
CompressedClassSpaceSize: 1.00 GB
Initial GC threshold: 20.80 MB
Current GC threshold: 20.80 MB
CDS: off

CodeHeap 'non-profiled nmethods': size=120000Kb used=19Kb max_used=19Kb free=119981Kb
 bounds [0x00000249e8e10000, 0x00000249e9080000, 0x00000249f0340000]
CodeHeap 'profiled nmethods': size=120000Kb used=105Kb max_used=105Kb free=119894Kb
 bounds [0x00000249e18e0000, 0x00000249e1b50000, 0x00000249e8e10000]
CodeHeap 'non-nmethods': size=5760Kb used=1031Kb max_used=1043Kb free=4728Kb
 bounds [0x00000249e1340000, 0x00000249e15b0000, 0x00000249e18e0000]
 total_blobs=319 nmethods=80 adapters=152
 compilation: enabled
              stopped_count=0, restarted_count=0
 full_count=0

Compilation events (20 events):
Event: 0.091 Thread 0x00000249f3729800 nmethod 70 0x00000249e8e13710 code [0x00000249e8e138c0, 0x00000249e8e13978]
Event: 0.091 Thread 0x00000249f3729800   71       3       java.util.ImmutableCollections$Set12::size (13 bytes)
Event: 0.091 Thread 0x00000249f3729800 nmethod 71 0x00000249e18f6f10 code [0x00000249e18f70c0, 0x00000249e18f7238]
Event: 0.091 Thread 0x00000249f3729800   72       3       java.util.HashMap::resize (356 bytes)
Event: 0.092 Thread 0x00000249f3729800 nmethod 72 0x00000249e18f7310 code [0x00000249e18f75e0, 0x00000249e18f8a08]
Event: 0.092 Thread 0x00000249f3729800   73       3       jdk.internal.module.ModuleBootstrap$2::hasNext (30 bytes)
Event: 0.093 Thread 0x00000249f3729800 nmethod 73 0x00000249e18f8e90 code [0x00000249e18f9060, 0x00000249e18f9378]
Event: 0.093 Thread 0x00000249f3729800   78       3       java.util.HashMap::putIfAbsent (13 bytes)
Event: 0.093 Thread 0x00000249f3729800 nmethod 78 0x00000249e18f9490 code [0x00000249e18f9660, 0x00000249e18f9958]
Event: 0.093 Thread 0x00000249f3729800   74       3       jdk.internal.module.ModuleBootstrap$2::next (52 bytes)
Event: 0.173 Thread 0x00000249f3729800 nmethod 74 0x00000249e18f9a90 code [0x00000249e18f9ca0, 0x00000249e18fa1a8]
Event: 0.173 Thread 0x00000249f3722800 nmethod 68 0x00000249e8e13e90 code [0x00000249e8e14020, 0x00000249e8e141d8]
Event: 0.173 Thread 0x00000249f3722800   80       4       java.util.ImmutableCollections$SetN$SetNIterator::hasNext (13 bytes)
Event: 0.174 Thread 0x00000249f3722800 nmethod 80 0x00000249e8e14310 code [0x00000249e8e144a0, 0x00000249e8e14518]
Event: 0.174 Thread 0x00000249f3722800   75       4       java.util.ImmutableCollections$SetN$SetNIterator::nextIndex (56 bytes)
Event: 0.174 Thread 0x00000249f3722800 nmethod 75 0x00000249e8e14610 code [0x00000249e8e147a0, 0x00000249e8e14838]
Event: 0.174 Thread 0x00000249f3722800   76       4       java.util.HashMap::afterNodeInsertion (1 bytes)
Event: 0.174 Thread 0x00000249f3722800 nmethod 76 0x00000249e8e14910 code [0x00000249e8e14aa0, 0x00000249e8e14af8]
Event: 0.175 Thread 0x00000249f3729800   82       3       java.util.AbstractMap::<init> (5 bytes)
Event: 0.175 Thread 0x00000249f3729800 nmethod 82 0x00000249e18fa390 code [0x00000249e18fa540, 0x00000249e18fa698]

GC Heap History (0 events):
No events

Deoptimization events (3 events):
Event: 0.175 Thread 0x00000249d8bcc000 Uncommon trap: trap_request=0xffffff4d fr.pc=0x00000249e8e141a4 relative=0x0000000000000184
Event: 0.175 Thread 0x00000249d8bcc000 Uncommon trap: reason=unstable_if action=reinterpret pc=0x00000249e8e141a4 method=java.lang.String.hashCode()I @ 14 c2
Event: 0.175 Thread 0x00000249d8bcc000 DEOPT PACKING pc=0x00000249e8e141a4 sp=0x00000056789fd5c0

Classes redefined (0 events):
No events

Internal exceptions (0 events):
No events

Events (20 events):
Event: 0.173 loading class sun/launcher/LauncherHelper
Event: 0.174 loading class sun/launcher/LauncherHelper done
Event: 0.174 loading class org/gradle/wrapper/GradleWrapperMain
Event: 0.174 loading class org/gradle/wrapper/GradleWrapperMain done
Event: 0.174 loading class sun/net/util/URLUtil
Event: 0.174 loading class sun/net/util/URLUtil done
Event: 0.174 loading class java/util/Locale
Event: 0.175 loading class java/util/Locale done
Event: 0.175 loading class java/util/Locale$Cache
Event: 0.175 loading class sun/util/locale/LocaleObjectCache
Event: 0.175 loading class sun/util/locale/LocaleObjectCache done
Event: 0.175 loading class java/util/Locale$Cache done
Event: 0.175 loading class sun/util/locale/BaseLocale
Event: 0.175 loading class sun/util/locale/BaseLocale done
Event: 0.175 loading class sun/util/locale/BaseLocale$Cache
Event: 0.175 loading class sun/util/locale/BaseLocale$Cache done
Event: 0.175 loading class sun/util/locale/BaseLocale$Key
Event: 0.175 loading class sun/util/locale/BaseLocale$Key done
Event: 0.175 loading class sun/util/locale/LocaleObjectCache$CacheEntry
Event: 0.175 loading class sun/util/locale/LocaleObjectCache$CacheEntry done


Dynamic libraries:
0x00007ff7f0b30000 - 0x00007ff7f0b3d000 	C:\Program Files\Microsoft\jdk-11.0.20.8-hotspot\bin\java.exe
0x00007ffba91d0000 - 0x00007ffba93e4000 	C:\Windows\SYSTEM32\ntdll.dll
0x00007ffba87b0000 - 0x00007ffba8874000 	C:\Windows\System32\KERNEL32.DLL
0x00007ffba6a50000 - 0x00007ffba6df4000 	C:\Windows\System32\KERNELBASE.dll
0x00007ffba67c0000 - 0x00007ffba68d1000 	C:\Windows\System32\ucrtbase.dll
0x00007ffb6cc20000 - 0x00007ffb6cc37000 	C:\Program Files\Microsoft\jdk-11.0.20.8-hotspot\bin\jli.dll
0x00007ffb6cc40000 - 0x00007ffb6cc55000 	C:\Program Files\Microsoft\jdk-11.0.20.8-hotspot\bin\VCRUNTIME140.dll
0x00007ffba8f70000 - 0x00007ffba911a000 	C:\Windows\System32\USER32.dll
0x00007ffba6ea0000 - 0x00007ffba6ec6000 	C:\Windows\System32\win32u.dll
0x00007ffba7710000 - 0x00007ffba7739000 	C:\Windows\System32\GDI32.dll
0x00007ffb907c0000 - 0x00007ffb90a4f000 	C:\Windows\WinSxS\amd64_microsoft.windows.common-controls_6595b64144ccf1df_6.0.22621.2070_none_2713e6537381f706\COMCTL32.dll
0x00007ffba6620000 - 0x00007ffba6739000 	C:\Windows\System32\gdi32full.dll
0x00007ffba7d40000 - 0x00007ffba7de7000 	C:\Windows\System32\msvcrt.dll
0x00007ffba6e00000 - 0x00007ffba6e9a000 	C:\Windows\System32\msvcp_win.dll
0x00007ffba77e0000 - 0x00007ffba7811000 	C:\Windows\System32\IMM32.DLL
0x00007ffb6c910000 - 0x00007ffb6c9ab000 	C:\Program Files\Microsoft\jdk-11.0.20.8-hotspot\bin\msvcp140.dll
0x00007ffb50000000 - 0x00007ffb50b96000 	C:\Program Files\Microsoft\jdk-11.0.20.8-hotspot\bin\server\jvm.dll
0x00007ffba8d70000 - 0x00007ffba8e20000 	C:\Windows\System32\ADVAPI32.dll
0x00007ffba7660000 - 0x00007ffba7706000 	C:\Windows\System32\sechost.dll
0x00007ffba7b20000 - 0x00007ffba7c37000 	C:\Windows\System32\RPCRT4.dll
0x00007ffba77d0000 - 0x00007ffba77d8000 	C:\Windows\System32\PSAPI.DLL
0x00007ffb98d70000 - 0x00007ffb98d79000 	C:\Windows\SYSTEM32\WSOCK32.dll
0x00007ffb9fdb0000 - 0x00007ffb9fdba000 	C:\Windows\SYSTEM32\VERSION.dll
0x00007ffb9dca0000 - 0x00007ffb9dcd4000 	C:\Windows\SYSTEM32\WINMM.dll
0x00007ffba74e0000 - 0x00007ffba7551000 	C:\Windows\System32\WS2_32.dll
0x00007ffba5650000 - 0x00007ffba5668000 	C:\Windows\SYSTEM32\kernel.appcore.dll
0x00007ffb6d820000 - 0x00007ffb6d830000 	C:\Program Files\Microsoft\jdk-11.0.20.8-hotspot\bin\verify.dll
0x00007ffb9a190000 - 0x00007ffb9a3be000 	C:\Windows\SYSTEM32\DBGHELP.DLL
0x00007ffba89c0000 - 0x00007ffba8d4a000 	C:\Windows\System32\combase.dll
0x00007ffba88e0000 - 0x00007ffba89b7000 	C:\Windows\System32\OLEAUT32.dll
0x00007ffb8f9c0000 - 0x00007ffb8f9f2000 	C:\Windows\SYSTEM32\dbgcore.DLL
0x00007ffba6740000 - 0x00007ffba67ba000 	C:\Windows\System32\bcryptPrimitives.dll
0x00007ffb6cbf0000 - 0x00007ffb6cc18000 	C:\Program Files\Microsoft\jdk-11.0.20.8-hotspot\bin\java.dll
0x00007ffb6d570000 - 0x00007ffb6d57a000 	C:\Program Files\Microsoft\jdk-11.0.20.8-hotspot\bin\jimage.dll
0x00007ffb6cbd0000 - 0x00007ffb6cbe8000 	C:\Program Files\Microsoft\jdk-11.0.20.8-hotspot\bin\zip.dll
0x00007ffba7df0000 - 0x00007ffba8606000 	C:\Windows\System32\SHELL32.dll
0x00007ffba4540000 - 0x00007ffba4e2a000 	C:\Windows\SYSTEM32\windows.storage.dll
0x00007ffba4400000 - 0x00007ffba453e000 	C:\Windows\SYSTEM32\wintypes.dll
0x00007ffba7c40000 - 0x00007ffba7d33000 	C:\Windows\System32\SHCORE.dll
0x00007ffba8880000 - 0x00007ffba88de000 	C:\Windows\System32\shlwapi.dll
0x00007ffba64e0000 - 0x00007ffba6506000 	C:\Windows\SYSTEM32\profapi.dll

dbghelp: loaded successfully - version: 4.0.5 - missing functions: none
symbol engine: initialized successfully - sym options: 0x614 - pdb path: .;C:\Program Files\Microsoft\jdk-11.0.20.8-hotspot\bin;C:\Windows\SYSTEM32;C:\Windows\WinSxS\amd64_microsoft.windows.common-controls_6595b64144ccf1df_6.0.22621.2070_none_2713e6537381f706;C:\Program Files\Microsoft\jdk-11.0.20.8-hotspot\bin\server

VM Arguments:
jvm_args: -Xmx64m -Xms64m -Dorg.gradle.appname=gradlew 
java_command: org.gradle.wrapper.GradleWrapperMain tasks
java_class_path (initial): C:\Users\38063\Desktop\ReactNativeApp\toDoProject\android\\gradle\wrapper\gradle-wrapper.jar
Launcher Type: SUN_STANDARD

[Global flags]
     intx CICompilerCount                          = 4                                         {product} {ergonomic}
     uint ConcGCThreads                            = 3                                         {product} {ergonomic}
     uint G1ConcRefinementThreads                  = 10                                        {product} {ergonomic}
   size_t G1HeapRegionSize                         = 1048576                                   {product} {ergonomic}
    uintx GCDrainStackTargetSize                   = 64                                        {product} {ergonomic}
   size_t InitialHeapSize                          = 67108864                                  {product} {command line}
   size_t MarkStackSize                            = 4194304                                   {product} {ergonomic}
   size_t MaxHeapSize                              = 67108864                                  {product} {command line}
   size_t MaxNewSize                               = 39845888                                  {product} {ergonomic}
   size_t MinHeapDeltaBytes                        = 1048576                                   {product} {ergonomic}
    uintx NonNMethodCodeHeapSize                   = 5836300                                {pd product} {ergonomic}
    uintx NonProfiledCodeHeapSize                  = 122910970                              {pd product} {ergonomic}
    uintx ProfiledCodeHeapSize                     = 122910970                              {pd product} {ergonomic}
    uintx ReservedCodeCacheSize                    = 251658240                              {pd product} {ergonomic}
     bool SegmentedCodeCache                       = true                                      {product} {ergonomic}
     bool UseCompressedClassPointers               = true                                 {lp64_product} {ergonomic}
     bool UseCompressedOops                        = true                                 {lp64_product} {ergonomic}
     bool UseG1GC                                  = true                                      {product} {ergonomic}
     bool UseLargePagesIndividualAllocation        = false                                  {pd product} {ergonomic}

Logging:
Log output configuration:
 #0: stdout all=warning uptime,level,tags
 #1: stderr all=off uptime,level,tags

Environment Variables:
JAVA_HOME=C:\Program Files\Microsoft\jdk-11.0.20.8-hotspot\
CLASSPATH=C:\Users\38063\Desktop\ReactNativeApp\toDoProject\android\\gradle\wrapper\gradle-wrapper.jar
PATH=C:\Users\38063\Desktop\ReactNativeApp\toDoProject\node_modules\.bin;C:\Users\38063\Desktop\ReactNativeApp\toDoProject\node_modules\.bin;C:\Users\38063\Desktop\ReactNativeApp\node_modules\.bin;C:\Users\38063\Desktop\node_modules\.bin;C:\Users\38063\node_modules\.bin;C:\Users\node_modules\.bin;C:\node_modules\.bin;C:\Program Files\nodejs\node_modules\npm\node_modules\@npmcli\run-script\lib\node-gyp-bin;C:\Users\38063\Desktop\ReactNativeApp\toDoProject\node_modules\.bin;C:\Users\38063\Desktop\ReactNativeApp\node_modules\.bin;C:\Users\38063\Desktop\node_modules\.bin;C:\Users\38063\node_modules\.bin;C:\Users\node_modules\.bin;C:\node_modules\.bin;C:\Program Files\nodejs\node_modules\npm\node_modules\@npmcli\run-script\lib\node-gyp-bin;C:\Program Files\Microsoft\jdk-11.0.20.8-hotspot\bin;C:\Program Files\Common Files\Oracle\Java\javapath;C:\Windows\system32;C:\Windows;C:\Windows\System32\Wbem;C:\Windows\System32\WindowsPowerShell\v1.0\;C:\Windows\System32\OpenSSH\;C:\Program Files\NVIDIA Corporation\NVIDIA NvDLISR;C:\Program Files (x86)\NVIDIA Corporation\PhysX\Common;C:\ProgramData\chocolatey\bin;D:\Git\cmd;C:\Program Files\Microsoft\jdk-11.0.20.8-hotspot\\bin;D:\AndroidSDK;D:\AndroidSDK\platform-tools;D:\AndroidSDK\watchman;C:\Program Files\nodejs\;D:\AndroidSDK\tools;C:\Users\38063\AppData\Local\Microsoft\WindowsApps;C:\Users\38063\AppData\Local\Programs\Microsoft VS Code\bin;C:\Users\38063\AppData\Local\gitkraken\bin;C:\Users\38063\AppData\Roaming\npm
USERNAME=Lio
LANG=en_US.UTF-8
OS=Windows_NT
PROCESSOR_IDENTIFIER=Intel64 Family 6 Model 167 Stepping 1, GenuineIntel
TMP=C:\Users\38063\AppData\Local\Temp
TEMP=C:\Users\38063\AppData\Local\Temp



---------------  S Y S T E M  ---------------

OS: Windows 11 , 64 bit Build 22621 (10.0.22621.2070)
OS uptime: 0 days 3:56 hours
Hyper-V role detected

CPU:total 12 (initial active 12) (6 cores per cpu, 2 threads per core) family 6 model 167 stepping 1 microcode 0x40, cmov, cx8, fxsr, mmx, sse, sse2, sse3, ssse3, sse4.1, sse4.2, popcnt, avx, avx2, aes, clmul, erms, 3dnowpref, lzcnt, ht, tsc, tscinvbit, bmi1, bmi2, adx, evex, sha, fma

Memory: 4k page, system-wide physical 16263M (1139M free)
TotalPageFile size 19962M (AvailPageFile size 5M)
current process WorkingSet (physical memory assigned to process): 27M, peak: 27M
current process commit charge ("private bytes"): 139M, peak: 139M

vm_info: OpenJDK 64-Bit Server VM (11.0.20+8-LTS) for windows-amd64 JRE (11.0.20+8-LTS), built on Jul  7 2023 17:05:21 by "MicrosoftCorporation" with MS VC++ 15.9 (VS2017)

END.
