#
# There is insufficient memory for the Java Runtime Environment to continue.
# Native memory allocation (malloc) failed to allocate 32744 bytes for ChunkPool::allocate
# Possible reasons:
#   The system is out of physical RAM or swap space
#   The process is running with CompressedOops enabled, and the Java Heap may be blocking the growth of the native heap
# Possible solutions:
#   Reduce memory load on the system
#   Increase physical memory or swap space
#   Check if swap backing store is full
#   Decrease Java heap size (-Xmx/-Xms)
#   Decrease number of Java threads
#   Decrease Java thread stack sizes (-Xss)
#   Set larger code cache with -XX:ReservedCodeCacheSize=
#   JVM is running with Unscaled Compressed Oops mode in which the Java heap is
#     placed in the first 4GB address space. The Java Heap base address is the
#     maximum limit for the native heap growth. Please use -XX:HeapBaseMinAddress
#     to set the Java Heap base and to place the Java Heap above 4GB virtual address.
# This output file may be truncated or incomplete.
#
#  Out of Memory Error (arena.cpp:81), pid=20408, tid=20104
#
# JRE version: OpenJDK Runtime Environment Microsoft-8035250 (11.0.20+8) (build 11.0.20+8-LTS)
# Java VM: OpenJDK 64-Bit Server VM Microsoft-8035250 (11.0.20+8-LTS, mixed mode, tiered, compressed oops, g1 gc, windows-amd64)
# No core dump will be written. Minidumps are not enabled by default on client versions of Windows
#

---------------  S U M M A R Y ------------

Command Line: -Xmx64m -Xms64m -Dorg.gradle.appname=gradlew org.gradle.wrapper.GradleWrapperMain tasks

Host: 11th Gen Intel(R) Core(TM) i5-11400F @ 2.60GHz, 12 cores, 15G,  Windows 11 , 64 bit Build 22621 (10.0.22621.2070)
Time: Tue Aug 22 14:38:16 2023  Windows 11 , 64 bit Build 22621 (10.0.22621.2070) elapsed time: 0.327569 seconds (0d 0h 0m 0s)

---------------  T H R E A D  ---------------

Current thread (0x000001d9bf00c000):  JavaThread "main" [_thread_in_vm, id=20104, stack(0x0000002823a00000,0x0000002823b00000)]

Stack: [0x0000002823a00000,0x0000002823b00000]
Native frames: (J=compiled Java code, j=interpreted, Vv=VM code, C=native code)
V  [jvm.dll+0x62e9da]
V  [jvm.dll+0x7bc4e9]
V  [jvm.dll+0x7bdbd8]
V  [jvm.dll+0x7be2b3]
V  [jvm.dll+0x2505a8]
V  [jvm.dll+0xc289b]
V  [jvm.dll+0xc2bfc]
V  [jvm.dll+0x1cdbf3]
V  [jvm.dll+0x1d0a88]
V  [jvm.dll+0x1c5819]
V  [jvm.dll+0x4fc135]
V  [jvm.dll+0x754c89]
V  [jvm.dll+0x3fcb88]
V  [jvm.dll+0x402e7b]
C  [java.dll+0x19c8]

Java frames: (J=compiled Java code, j=interpreted, Vv=VM code)
j  java.lang.ClassLoader.defineClass1(Ljava/lang/ClassLoader;Ljava/lang/String;[BIILjava/security/ProtectionDomain;Ljava/lang/String;)Ljava/lang/Class;+0 java.base@11.0.20
j  java.lang.ClassLoader.defineClass(Ljava/lang/String;[BIILjava/security/ProtectionDomain;)Ljava/lang/Class;+27 java.base@11.0.20
j  java.security.SecureClassLoader.defineClass(Ljava/lang/String;[BIILjava/security/CodeSource;)Ljava/lang/Class;+12 java.base@11.0.20
j  java.net.URLClassLoader.defineClass(Ljava/lang/String;Ljdk/internal/loader/Resource;)Ljava/lang/Class;+220 java.base@11.0.20
j  java.net.URLClassLoader$1.run()Ljava/lang/Class;+43 java.base@11.0.20
j  java.net.URLClassLoader$1.run()Ljava/lang/Object;+1 java.base@11.0.20
v  ~StubRoutines::call_stub
j  java.security.AccessController.doPrivileged(Ljava/security/PrivilegedExceptionAction;Ljava/security/AccessControlContext;)Ljava/lang/Object;+0 java.base@11.0.20
j  java.net.URLClassLoader.findClass(Ljava/lang/String;)Ljava/lang/Class;+13 java.base@11.0.20
j  java.lang.ClassLoader.loadClass(Ljava/lang/String;Z)Ljava/lang/Class;+70 java.base@11.0.20
j  java.lang.ClassLoader.loadClass(Ljava/lang/String;)Ljava/lang/Class;+3 java.base@11.0.20
v  ~StubRoutines::call_stub
j  org.gradle.internal.classpath.DefaultClassPath.<init>()V+1
j  org.gradle.internal.classpath.ClassPath.<clinit>()V+4
v  ~StubRoutines::call_stub
j  org.gradle.api.internal.classpath.DefaultModuleRegistry.<init>(Lorg/gradle/internal/installation/GradleInstallation;)V+1
j  org.gradle.launcher.bootstrap.ProcessBootstrap.runNoExit(Ljava/lang/String;[Ljava/lang/String;)V+21
j  org.gradle.launcher.bootstrap.ProcessBootstrap.run(Ljava/lang/String;[Ljava/lang/String;)V+2
v  ~StubRoutines::call_stub
j  jdk.internal.reflect.NativeMethodAccessorImpl.invoke0(Ljava/lang/reflect/Method;Ljava/lang/Object;[Ljava/lang/Object;)Ljava/lang/Object;+0 java.base@11.0.20
j  jdk.internal.reflect.NativeMethodAccessorImpl.invoke(Ljava/lang/Object;[Ljava/lang/Object;)Ljava/lang/Object;+100 java.base@11.0.20
j  jdk.internal.reflect.DelegatingMethodAccessorImpl.invoke(Ljava/lang/Object;[Ljava/lang/Object;)Ljava/lang/Object;+6 java.base@11.0.20
j  java.lang.reflect.Method.invoke(Ljava/lang/Object;[Ljava/lang/Object;)Ljava/lang/Object;+59 java.base@11.0.20
j  org.gradle.launcher.GradleMain.main([Ljava/lang/String;)V+100
v  ~StubRoutines::call_stub
j  jdk.internal.reflect.NativeMethodAccessorImpl.invoke0(Ljava/lang/reflect/Method;Ljava/lang/Object;[Ljava/lang/Object;)Ljava/lang/Object;+0 java.base@11.0.20
j  jdk.internal.reflect.NativeMethodAccessorImpl.invoke(Ljava/lang/Object;[Ljava/lang/Object;)Ljava/lang/Object;+100 java.base@11.0.20
j  jdk.internal.reflect.DelegatingMethodAccessorImpl.invoke(Ljava/lang/Object;[Ljava/lang/Object;)Ljava/lang/Object;+6 java.base@11.0.20
j  java.lang.reflect.Method.invoke(Ljava/lang/Object;[Ljava/lang/Object;)Ljava/lang/Object;+59 java.base@11.0.20
j  org.gradle.wrapper.BootstrapMainStarter.start([Ljava/lang/String;Ljava/io/File;)V+105
j  org.gradle.wrapper.WrapperExecutor.execute([Ljava/lang/String;Lorg/gradle/wrapper/Install;Lorg/gradle/wrapper/BootstrapMainStarter;)V+14
j  org.gradle.wrapper.GradleWrapperMain.main([Ljava/lang/String;)V+206
v  ~StubRoutines::call_stub

---------------  P R O C E S S  ---------------

Threads class SMR info:
_java_thread_list=0x000001d9dc6f6bf0, length=10, elements={
0x000001d9bf00c000, 0x000001d9dbd0d800, 0x000001d9dbd11800, 0x000001d9dbd71000,
0x000001d9dbd72000, 0x000001d9dbd73800, 0x000001d9dbd74800, 0x000001d9dbd78000,
0x000001d9dbd7b000, 0x000001d9dc7de800
}

Java Threads: ( => current thread )
=>0x000001d9bf00c000 JavaThread "main" [_thread_in_vm, id=20104, stack(0x0000002823a00000,0x0000002823b00000)]
  0x000001d9dbd0d800 JavaThread "Reference Handler" daemon [_thread_blocked, id=18872, stack(0x0000002824100000,0x0000002824200000)]
  0x000001d9dbd11800 JavaThread "Finalizer" daemon [_thread_blocked, id=18876, stack(0x0000002824200000,0x0000002824300000)]
  0x000001d9dbd71000 JavaThread "Signal Dispatcher" daemon [_thread_blocked, id=4380, stack(0x0000002824300000,0x0000002824400000)]
  0x000001d9dbd72000 JavaThread "Attach Listener" daemon [_thread_blocked, id=16948, stack(0x0000002824400000,0x0000002824500000)]
  0x000001d9dbd73800 JavaThread "Service Thread" daemon [_thread_blocked, id=20272, stack(0x0000002824500000,0x0000002824600000)]
  0x000001d9dbd74800 JavaThread "C2 CompilerThread0" daemon [_thread_blocked, id=20732, stack(0x0000002824600000,0x0000002824700000)]
  0x000001d9dbd78000 JavaThread "C1 CompilerThread0" daemon [_thread_blocked, id=21384, stack(0x0000002824700000,0x0000002824800000)]
  0x000001d9dbd7b000 JavaThread "Sweeper thread" daemon [_thread_blocked, id=22496, stack(0x0000002824800000,0x0000002824900000)]
  0x000001d9dc7de800 JavaThread "Common-Cleaner" daemon [_thread_blocked, id=21888, stack(0x0000002824a00000,0x0000002824b00000)]

Other Threads:
  0x000001d9dbce2000 VMThread "VM Thread" [stack: 0x0000002824000000,0x0000002824100000] [id=15420]
  0x000001d9dc786000 WatcherThread [stack: 0x0000002824900000,0x0000002824a00000] [id=13204]
  0x000001d9c1248800 GCTaskThread "GC Thread#0" [stack: 0x0000002823b00000,0x0000002823c00000] [id=14012]
  0x000001d9c124f800 ConcurrentGCThread "G1 Main Marker" [stack: 0x0000002823c00000,0x0000002823d00000] [id=20100]
  0x000001d9c1251800 ConcurrentGCThread "G1 Conc#0" [stack: 0x0000002823d00000,0x0000002823e00000] [id=18984]
  0x000001d9c12be800 ConcurrentGCThread "G1 Refine#0" [stack: 0x0000002823e00000,0x0000002823f00000] [id=21700]
  0x000001d9c12c2800 ConcurrentGCThread "G1 Young RemSet Sampling" [stack: 0x0000002823f00000,0x0000002824000000] [id=20352]

Threads with active compile tasks:

VM state:not at safepoint (normal execution)

VM Mutex/Monitor currently owned by a thread: None

Heap address: 0x00000000fc000000, size: 64 MB, Compressed Oops mode: 32-bit
Narrow klass base: 0x0000000000000000, Narrow klass shift: 3
Compressed class space size: 1073741824 Address: 0x0000000100000000

Heap:
 garbage-first heap   total 65536K, used 4096K [0x00000000fc000000, 0x0000000100000000)
  region size 1024K, 5 young (5120K), 0 survivors (0K)
 Metaspace       used 6894K, capacity 7011K, committed 7168K, reserved 1056768K
  class space    used 595K, capacity 675K, committed 768K, reserved 1048576K
Heap Regions: E=young(eden), S=young(survivor), O=old, HS=humongous(starts), HC=humongous(continues), CS=collection set, F=free, A=archive, TAMS=top-at-mark-start (previous, next)
|   0|0x00000000fc000000, 0x00000000fc000000, 0x00000000fc100000|  0%| F|  |TAMS 0x00000000fc000000, 0x00000000fc000000| Untracked 
|   1|0x00000000fc100000, 0x00000000fc100000, 0x00000000fc200000|  0%| F|  |TAMS 0x00000000fc100000, 0x00000000fc100000| Untracked 
|   2|0x00000000fc200000, 0x00000000fc200000, 0x00000000fc300000|  0%| F|  |TAMS 0x00000000fc200000, 0x00000000fc200000| Untracked 
|   3|0x00000000fc300000, 0x00000000fc300000, 0x00000000fc400000|  0%| F|  |TAMS 0x00000000fc300000, 0x00000000fc300000| Untracked 
|   4|0x00000000fc400000, 0x00000000fc400000, 0x00000000fc500000|  0%| F|  |TAMS 0x00000000fc400000, 0x00000000fc400000| Untracked 
|   5|0x00000000fc500000, 0x00000000fc500000, 0x00000000fc600000|  0%| F|  |TAMS 0x00000000fc500000, 0x00000000fc500000| Untracked 
|   6|0x00000000fc600000, 0x00000000fc600000, 0x00000000fc700000|  0%| F|  |TAMS 0x00000000fc600000, 0x00000000fc600000| Untracked 
|   7|0x00000000fc700000, 0x00000000fc700000, 0x00000000fc800000|  0%| F|  |TAMS 0x00000000fc700000, 0x00000000fc700000| Untracked 
|   8|0x00000000fc800000, 0x00000000fc800000, 0x00000000fc900000|  0%| F|  |TAMS 0x00000000fc800000, 0x00000000fc800000| Untracked 
|   9|0x00000000fc900000, 0x00000000fc900000, 0x00000000fca00000|  0%| F|  |TAMS 0x00000000fc900000, 0x00000000fc900000| Untracked 
|  10|0x00000000fca00000, 0x00000000fca00000, 0x00000000fcb00000|  0%| F|  |TAMS 0x00000000fca00000, 0x00000000fca00000| Untracked 
|  11|0x00000000fcb00000, 0x00000000fcb00000, 0x00000000fcc00000|  0%| F|  |TAMS 0x00000000fcb00000, 0x00000000fcb00000| Untracked 
|  12|0x00000000fcc00000, 0x00000000fcc00000, 0x00000000fcd00000|  0%| F|  |TAMS 0x00000000fcc00000, 0x00000000fcc00000| Untracked 
|  13|0x00000000fcd00000, 0x00000000fcd00000, 0x00000000fce00000|  0%| F|  |TAMS 0x00000000fcd00000, 0x00000000fcd00000| Untracked 
|  14|0x00000000fce00000, 0x00000000fce00000, 0x00000000fcf00000|  0%| F|  |TAMS 0x00000000fce00000, 0x00000000fce00000| Untracked 
|  15|0x00000000fcf00000, 0x00000000fcf00000, 0x00000000fd000000|  0%| F|  |TAMS 0x00000000fcf00000, 0x00000000fcf00000| Untracked 
|  16|0x00000000fd000000, 0x00000000fd000000, 0x00000000fd100000|  0%| F|  |TAMS 0x00000000fd000000, 0x00000000fd000000| Untracked 
|  17|0x00000000fd100000, 0x00000000fd100000, 0x00000000fd200000|  0%| F|  |TAMS 0x00000000fd100000, 0x00000000fd100000| Untracked 
|  18|0x00000000fd200000, 0x00000000fd200000, 0x00000000fd300000|  0%| F|  |TAMS 0x00000000fd200000, 0x00000000fd200000| Untracked 
|  19|0x00000000fd300000, 0x00000000fd300000, 0x00000000fd400000|  0%| F|  |TAMS 0x00000000fd300000, 0x00000000fd300000| Untracked 
|  20|0x00000000fd400000, 0x00000000fd400000, 0x00000000fd500000|  0%| F|  |TAMS 0x00000000fd400000, 0x00000000fd400000| Untracked 
|  21|0x00000000fd500000, 0x00000000fd500000, 0x00000000fd600000|  0%| F|  |TAMS 0x00000000fd500000, 0x00000000fd500000| Untracked 
|  22|0x00000000fd600000, 0x00000000fd600000, 0x00000000fd700000|  0%| F|  |TAMS 0x00000000fd600000, 0x00000000fd600000| Untracked 
|  23|0x00000000fd700000, 0x00000000fd700000, 0x00000000fd800000|  0%| F|  |TAMS 0x00000000fd700000, 0x00000000fd700000| Untracked 
|  24|0x00000000fd800000, 0x00000000fd800000, 0x00000000fd900000|  0%| F|  |TAMS 0x00000000fd800000, 0x00000000fd800000| Untracked 
|  25|0x00000000fd900000, 0x00000000fd900000, 0x00000000fda00000|  0%| F|  |TAMS 0x00000000fd900000, 0x00000000fd900000| Untracked 
|  26|0x00000000fda00000, 0x00000000fda00000, 0x00000000fdb00000|  0%| F|  |TAMS 0x00000000fda00000, 0x00000000fda00000| Untracked 
|  27|0x00000000fdb00000, 0x00000000fdb00000, 0x00000000fdc00000|  0%| F|  |TAMS 0x00000000fdb00000, 0x00000000fdb00000| Untracked 
|  28|0x00000000fdc00000, 0x00000000fdc00000, 0x00000000fdd00000|  0%| F|  |TAMS 0x00000000fdc00000, 0x00000000fdc00000| Untracked 
|  29|0x00000000fdd00000, 0x00000000fdd00000, 0x00000000fde00000|  0%| F|  |TAMS 0x00000000fdd00000, 0x00000000fdd00000| Untracked 
|  30|0x00000000fde00000, 0x00000000fde00000, 0x00000000fdf00000|  0%| F|  |TAMS 0x00000000fde00000, 0x00000000fde00000| Untracked 
|  31|0x00000000fdf00000, 0x00000000fdf00000, 0x00000000fe000000|  0%| F|  |TAMS 0x00000000fdf00000, 0x00000000fdf00000| Untracked 
|  32|0x00000000fe000000, 0x00000000fe000000, 0x00000000fe100000|  0%| F|  |TAMS 0x00000000fe000000, 0x00000000fe000000| Untracked 
|  33|0x00000000fe100000, 0x00000000fe100000, 0x00000000fe200000|  0%| F|  |TAMS 0x00000000fe100000, 0x00000000fe100000| Untracked 
|  34|0x00000000fe200000, 0x00000000fe200000, 0x00000000fe300000|  0%| F|  |TAMS 0x00000000fe200000, 0x00000000fe200000| Untracked 
|  35|0x00000000fe300000, 0x00000000fe300000, 0x00000000fe400000|  0%| F|  |TAMS 0x00000000fe300000, 0x00000000fe300000| Untracked 
|  36|0x00000000fe400000, 0x00000000fe400000, 0x00000000fe500000|  0%| F|  |TAMS 0x00000000fe400000, 0x00000000fe400000| Untracked 
|  37|0x00000000fe500000, 0x00000000fe500000, 0x00000000fe600000|  0%| F|  |TAMS 0x00000000fe500000, 0x00000000fe500000| Untracked 
|  38|0x00000000fe600000, 0x00000000fe600000, 0x00000000fe700000|  0%| F|  |TAMS 0x00000000fe600000, 0x00000000fe600000| Untracked 
|  39|0x00000000fe700000, 0x00000000fe700000, 0x00000000fe800000|  0%| F|  |TAMS 0x00000000fe700000, 0x00000000fe700000| Untracked 
|  40|0x00000000fe800000, 0x00000000fe800000, 0x00000000fe900000|  0%| F|  |TAMS 0x00000000fe800000, 0x00000000fe800000| Untracked 
|  41|0x00000000fe900000, 0x00000000fe900000, 0x00000000fea00000|  0%| F|  |TAMS 0x00000000fe900000, 0x00000000fe900000| Untracked 
|  42|0x00000000fea00000, 0x00000000fea00000, 0x00000000feb00000|  0%| F|  |TAMS 0x00000000fea00000, 0x00000000fea00000| Untracked 
|  43|0x00000000feb00000, 0x00000000feb00000, 0x00000000fec00000|  0%| F|  |TAMS 0x00000000feb00000, 0x00000000feb00000| Untracked 
|  44|0x00000000fec00000, 0x00000000fec00000, 0x00000000fed00000|  0%| F|  |TAMS 0x00000000fec00000, 0x00000000fec00000| Untracked 
|  45|0x00000000fed00000, 0x00000000fed00000, 0x00000000fee00000|  0%| F|  |TAMS 0x00000000fed00000, 0x00000000fed00000| Untracked 
|  46|0x00000000fee00000, 0x00000000fee00000, 0x00000000fef00000|  0%| F|  |TAMS 0x00000000fee00000, 0x00000000fee00000| Untracked 
|  47|0x00000000fef00000, 0x00000000fef00000, 0x00000000ff000000|  0%| F|  |TAMS 0x00000000fef00000, 0x00000000fef00000| Untracked 
|  48|0x00000000ff000000, 0x00000000ff000000, 0x00000000ff100000|  0%| F|  |TAMS 0x00000000ff000000, 0x00000000ff000000| Untracked 
|  49|0x00000000ff100000, 0x00000000ff100000, 0x00000000ff200000|  0%| F|  |TAMS 0x00000000ff100000, 0x00000000ff100000| Untracked 
|  50|0x00000000ff200000, 0x00000000ff200000, 0x00000000ff300000|  0%| F|  |TAMS 0x00000000ff200000, 0x00000000ff200000| Untracked 
|  51|0x00000000ff300000, 0x00000000ff300000, 0x00000000ff400000|  0%| F|  |TAMS 0x00000000ff300000, 0x00000000ff300000| Untracked 
|  52|0x00000000ff400000, 0x00000000ff400000, 0x00000000ff500000|  0%| F|  |TAMS 0x00000000ff400000, 0x00000000ff400000| Untracked 
|  53|0x00000000ff500000, 0x00000000ff500000, 0x00000000ff600000|  0%| F|  |TAMS 0x00000000ff500000, 0x00000000ff500000| Untracked 
|  54|0x00000000ff600000, 0x00000000ff600000, 0x00000000ff700000|  0%| F|  |TAMS 0x00000000ff600000, 0x00000000ff600000| Untracked 
|  55|0x00000000ff700000, 0x00000000ff700000, 0x00000000ff800000|  0%| F|  |TAMS 0x00000000ff700000, 0x00000000ff700000| Untracked 
|  56|0x00000000ff800000, 0x00000000ff800000, 0x00000000ff900000|  0%| F|  |TAMS 0x00000000ff800000, 0x00000000ff800000| Untracked 
|  57|0x00000000ff900000, 0x00000000ff900000, 0x00000000ffa00000|  0%| F|  |TAMS 0x00000000ff900000, 0x00000000ff900000| Untracked 
|  58|0x00000000ffa00000, 0x00000000ffa00000, 0x00000000ffb00000|  0%| F|  |TAMS 0x00000000ffa00000, 0x00000000ffa00000| Untracked 
|  59|0x00000000ffb00000, 0x00000000ffb7b720, 0x00000000ffc00000| 48%| E|  |TAMS 0x00000000ffb00000, 0x00000000ffb00000| Complete 
|  60|0x00000000ffc00000, 0x00000000ffd00000, 0x00000000ffd00000|100%| E|CS|TAMS 0x00000000ffc00000, 0x00000000ffc00000| Complete 
|  61|0x00000000ffd00000, 0x00000000ffe00000, 0x00000000ffe00000|100%| E|CS|TAMS 0x00000000ffd00000, 0x00000000ffd00000| Complete 
|  62|0x00000000ffe00000, 0x00000000fff00000, 0x00000000fff00000|100%| E|CS|TAMS 0x00000000ffe00000, 0x00000000ffe00000| Complete 
|  63|0x00000000fff00000, 0x0000000100000000, 0x0000000100000000|100%| E|CS|TAMS 0x00000000fff00000, 0x00000000fff00000| Complete 

Card table byte_map: [0x000001d9bf1e0000,0x000001d9bf200000] _byte_map_base: 0x000001d9bea00000

Marking Bits (Prev, Next): (CMBitMap*) 0x000001d9c124e678, (CMBitMap*) 0x000001d9c124e6b0
 Prev Bits: [0x000001d9d8ef0000, 0x000001d9d8ff0000)
 Next Bits: [0x000001d9d8ff0000, 0x000001d9d90f0000)

Polling page: 0x000001d9bf190000

Metaspace:

Usage:
  Non-class:      6.19 MB capacity,     6.15 MB (>99%) used,    33.48 KB ( <1%) free+waste,     3.94 KB ( <1%) overhead. 
      Class:    675.00 KB capacity,   595.48 KB ( 88%) used,    77.59 KB ( 11%) free+waste,     1.94 KB ( <1%) overhead. 
       Both:      6.85 MB capacity,     6.73 MB ( 98%) used,   111.07 KB (  2%) free+waste,     5.88 KB ( <1%) overhead. 

Virtual space:
  Non-class space:        8.00 MB reserved,       6.25 MB ( 78%) committed 
      Class space:        1.00 GB reserved,     768.00 KB ( <1%) committed 
             Both:        1.01 GB reserved,       7.00 MB ( <1%) committed 

Chunk freelists:
   Non-Class:  0 bytes
       Class:  29.00 KB
        Both:  29.00 KB

MaxMetaspaceSize: 17179869184.00 GB
CompressedClassSpaceSize: 1.00 GB
Initial GC threshold: 20.80 MB
Current GC threshold: 20.80 MB
CDS: off

CodeHeap 'non-profiled nmethods': size=120000Kb used=75Kb max_used=75Kb free=119924Kb
 bounds [0x000001d9d1470000, 0x000001d9d16e0000, 0x000001d9d89a0000]
CodeHeap 'profiled nmethods': size=120000Kb used=370Kb max_used=370Kb free=119629Kb
 bounds [0x000001d9c9f40000, 0x000001d9ca1b0000, 0x000001d9d1470000]
CodeHeap 'non-nmethods': size=5760Kb used=1115Kb max_used=1128Kb free=4644Kb
 bounds [0x000001d9c99a0000, 0x000001d9c9c10000, 0x000001d9c9f40000]
 total_blobs=612 nmethods=259 adapters=266
 compilation: enabled
              stopped_count=0, restarted_count=0
 full_count=0

Compilation events (20 events):
Event: 0.305 Thread 0x000001d9dbd78000 nmethod 245 0x000001d9c9f92090 code [0x000001d9c9f92260, 0x000001d9c9f924a8]
Event: 0.308 Thread 0x000001d9dbd78000  247       3       java.lang.StringLatin1::regionMatchesCI (92 bytes)
Event: 0.308 Thread 0x000001d9dbd78000 nmethod 247 0x000001d9c9f92590 code [0x000001d9c9f92820, 0x000001d9c9f93318]
Event: 0.308 Thread 0x000001d9dbd78000  246       3       java.lang.String::regionMatches (150 bytes)
Event: 0.309 Thread 0x000001d9dbd78000 nmethod 246 0x000001d9c9f93810 code [0x000001d9c9f93a80, 0x000001d9c9f94448]
Event: 0.312 Thread 0x000001d9dbd78000  248       3       java.lang.String::checkBoundsOffCount (61 bytes)
Event: 0.312 Thread 0x000001d9dbd78000 nmethod 248 0x000001d9c9f94790 code [0x000001d9c9f94a60, 0x000001d9c9f95598]
Event: 0.312 Thread 0x000001d9dbd78000  249       1       java.io.File::getPath (5 bytes)
Event: 0.312 Thread 0x000001d9dbd78000 nmethod 249 0x000001d9d1482490 code [0x000001d9d1482640, 0x000001d9d14826f8]
Event: 0.313 Thread 0x000001d9dbd78000  250       3       java.lang.StringLatin1::inflate (34 bytes)
Event: 0.313 Thread 0x000001d9dbd78000 nmethod 250 0x000001d9c9f95a10 code [0x000001d9c9f95be0, 0x000001d9c9f95dd8]
Event: 0.316 Thread 0x000001d9dbd78000  251       3       java.lang.String::<init> (74 bytes)
Event: 0.316 Thread 0x000001d9dbd78000 nmethod 251 0x000001d9c9f95f90 code [0x000001d9c9f961a0, 0x000001d9c9f967f8]
Event: 0.316 Thread 0x000001d9dbd78000  252       3       java.lang.String::getChars (54 bytes)
Event: 0.316 Thread 0x000001d9dbd78000 nmethod 252 0x000001d9c9f96a90 code [0x000001d9c9f96ca0, 0x000001d9c9f97158]
Event: 0.316 Thread 0x000001d9dbd78000  253       3       java.lang.StringLatin1::getChars (12 bytes)
Event: 0.317 Thread 0x000001d9dbd78000 nmethod 253 0x000001d9c9f97390 code [0x000001d9c9f97560, 0x000001d9c9f977b8]
Event: 0.320 Thread 0x000001d9dbd78000  254       3       java.io.File::isInvalid (47 bytes)
Event: 0.321 Thread 0x000001d9dbd78000 nmethod 254 0x000001d9c9f97990 code [0x000001d9c9f97b60, 0x000001d9c9f97e28]
Event: 0.322 Thread 0x000001d9dbd78000  256       3       java.io.WinNTFileSystem::resolve (275 bytes)

GC Heap History (0 events):
No events

Deoptimization events (20 events):
Event: 0.292 Thread 0x000001d9bf00c000 DEOPT PACKING pc=0x000001d9c9f84abb sp=0x0000002823af62a0
Event: 0.292 Thread 0x000001d9bf00c000 DEOPT UNPACKING pc=0x000001d9c99e9d0e sp=0x0000002823af5770 mode 0
Event: 0.292 Thread 0x000001d9bf00c000 DEOPT PACKING pc=0x000001d9c9f8510e sp=0x0000002823af62d0
Event: 0.292 Thread 0x000001d9bf00c000 DEOPT UNPACKING pc=0x000001d9c99e9d0e sp=0x0000002823af5770 mode 0
Event: 0.292 Thread 0x000001d9bf00c000 DEOPT PACKING pc=0x000001d9c9f84abb sp=0x0000002823af62a0
Event: 0.292 Thread 0x000001d9bf00c000 DEOPT UNPACKING pc=0x000001d9c99e9d0e sp=0x0000002823af5770 mode 0
Event: 0.292 Thread 0x000001d9bf00c000 DEOPT PACKING pc=0x000001d9c9f8510e sp=0x0000002823af62d0
Event: 0.292 Thread 0x000001d9bf00c000 DEOPT UNPACKING pc=0x000001d9c99e9d0e sp=0x0000002823af5770 mode 0
Event: 0.292 Thread 0x000001d9bf00c000 DEOPT PACKING pc=0x000001d9c9f84abb sp=0x0000002823af62a0
Event: 0.292 Thread 0x000001d9bf00c000 DEOPT UNPACKING pc=0x000001d9c99e9d0e sp=0x0000002823af5770 mode 0
Event: 0.292 Thread 0x000001d9bf00c000 DEOPT PACKING pc=0x000001d9c9f8510e sp=0x0000002823af62d0
Event: 0.292 Thread 0x000001d9bf00c000 DEOPT UNPACKING pc=0x000001d9c99e9d0e sp=0x0000002823af5770 mode 0
Event: 0.292 Thread 0x000001d9bf00c000 DEOPT PACKING pc=0x000001d9c9f84abb sp=0x0000002823af62a0
Event: 0.292 Thread 0x000001d9bf00c000 DEOPT UNPACKING pc=0x000001d9c99e9d0e sp=0x0000002823af5770 mode 0
Event: 0.293 Thread 0x000001d9bf00c000 DEOPT PACKING pc=0x000001d9c9f8510e sp=0x0000002823af62d0
Event: 0.293 Thread 0x000001d9bf00c000 DEOPT UNPACKING pc=0x000001d9c99e9d0e sp=0x0000002823af5770 mode 0
Event: 0.293 Thread 0x000001d9bf00c000 DEOPT PACKING pc=0x000001d9c9f84abb sp=0x0000002823af62a0
Event: 0.293 Thread 0x000001d9bf00c000 DEOPT UNPACKING pc=0x000001d9c99e9d0e sp=0x0000002823af5770 mode 0
Event: 0.293 Thread 0x000001d9bf00c000 DEOPT PACKING pc=0x000001d9c9f8510e sp=0x0000002823af62d0
Event: 0.293 Thread 0x000001d9bf00c000 DEOPT UNPACKING pc=0x000001d9c99e9d0e sp=0x0000002823af5770 mode 0

Classes redefined (0 events):
No events

Internal exceptions (1 events):
Event: 0.301 Thread 0x000001d9bf00c000 Exception <a 'java/lang/NoSuchMethodError'{0x00000000ffcd57d8}: 'int java.lang.invoke.DirectMethodHandle$Holder.invokeStaticInit(java.lang.Object, java.lang.Object)'> (0x00000000ffcd57d8) thrown at [s\src\hotspot\share\interpreter\linkResolver.cpp, line 773]

Events (20 events):
Event: 0.306 loading class java/net/MalformedURLException
Event: 0.306 loading class java/net/MalformedURLException done
Event: 0.306 loading class org/gradle/api/GradleException
Event: 0.306 loading class org/gradle/api/GradleException done
Event: 0.307 loading class org/gradle/internal/installation/GradleInstallation
Event: 0.307 loading class org/gradle/internal/installation/GradleInstallation done
Event: 0.307 loading class java/io/FileFilter
Event: 0.307 loading class java/io/FileFilter done
Event: 0.308 loading class org/gradle/internal/installation/GradleInstallation$1
Event: 0.308 loading class org/gradle/internal/installation/GradleInstallation$1 done
Event: 0.322 loading class java/util/Collections$UnmodifiableRandomAccessList
Event: 0.322 loading class java/util/Collections$UnmodifiableList
Event: 0.322 loading class java/util/Collections$UnmodifiableList done
Event: 0.322 loading class java/util/Collections$UnmodifiableRandomAccessList done
Event: 0.322 loading class org/gradle/internal/classpath/ClassPath
Event: 0.322 loading class org/gradle/internal/classpath/ClassPath done
Event: 0.323 loading class org/gradle/internal/classpath/DefaultClassPath
Event: 0.323 loading class org/gradle/internal/classpath/DefaultClassPath done
Event: 0.323 loading class org/gradle/internal/classpath/DefaultClassPath$ImmutableUniqueList
Event: 0.323 loading class org/gradle/internal/classpath/DefaultClassPath$ImmutableUniqueList done


Dynamic libraries:
0x00007ff7f0b30000 - 0x00007ff7f0b3d000 	C:\Program Files\Microsoft\jdk-11.0.20.8-hotspot\bin\java.exe
0x00007ffba91d0000 - 0x00007ffba93e4000 	C:\Windows\SYSTEM32\ntdll.dll
0x00007ffba87b0000 - 0x00007ffba8874000 	C:\Windows\System32\KERNEL32.DLL
0x00007ffba6a50000 - 0x00007ffba6df4000 	C:\Windows\System32\KERNELBASE.dll
0x00007ffba67c0000 - 0x00007ffba68d1000 	C:\Windows\System32\ucrtbase.dll
0x00007ffb6cc20000 - 0x00007ffb6cc37000 	C:\Program Files\Microsoft\jdk-11.0.20.8-hotspot\bin\jli.dll
0x00007ffba8f70000 - 0x00007ffba911a000 	C:\Windows\System32\USER32.dll
0x00007ffba6ea0000 - 0x00007ffba6ec6000 	C:\Windows\System32\win32u.dll
0x00007ffba7710000 - 0x00007ffba7739000 	C:\Windows\System32\GDI32.dll
0x00007ffba6620000 - 0x00007ffba6739000 	C:\Windows\System32\gdi32full.dll
0x00007ffba6e00000 - 0x00007ffba6e9a000 	C:\Windows\System32\msvcp_win.dll
0x00007ffb6cc40000 - 0x00007ffb6cc55000 	C:\Program Files\Microsoft\jdk-11.0.20.8-hotspot\bin\VCRUNTIME140.dll
0x00007ffb907c0000 - 0x00007ffb90a4f000 	C:\Windows\WinSxS\amd64_microsoft.windows.common-controls_6595b64144ccf1df_6.0.22621.2070_none_2713e6537381f706\COMCTL32.dll
0x00007ffba7d40000 - 0x00007ffba7de7000 	C:\Windows\System32\msvcrt.dll
0x00007ffba77e0000 - 0x00007ffba7811000 	C:\Windows\System32\IMM32.DLL
0x00007ffb6c910000 - 0x00007ffb6c9ab000 	C:\Program Files\Microsoft\jdk-11.0.20.8-hotspot\bin\msvcp140.dll
0x00007ffb50000000 - 0x00007ffb50b96000 	C:\Program Files\Microsoft\jdk-11.0.20.8-hotspot\bin\server\jvm.dll
0x00007ffba8d70000 - 0x00007ffba8e20000 	C:\Windows\System32\ADVAPI32.dll
0x00007ffba7660000 - 0x00007ffba7706000 	C:\Windows\System32\sechost.dll
0x00007ffba7b20000 - 0x00007ffba7c37000 	C:\Windows\System32\RPCRT4.dll
0x00007ffba77d0000 - 0x00007ffba77d8000 	C:\Windows\System32\PSAPI.DLL
0x00007ffb9fdb0000 - 0x00007ffb9fdba000 	C:\Windows\SYSTEM32\VERSION.dll
0x00007ffb9dca0000 - 0x00007ffb9dcd4000 	C:\Windows\SYSTEM32\WINMM.dll
0x00007ffb98d70000 - 0x00007ffb98d79000 	C:\Windows\SYSTEM32\WSOCK32.dll
0x00007ffba74e0000 - 0x00007ffba7551000 	C:\Windows\System32\WS2_32.dll
0x00007ffba5650000 - 0x00007ffba5668000 	C:\Windows\SYSTEM32\kernel.appcore.dll
0x00007ffb6d820000 - 0x00007ffb6d830000 	C:\Program Files\Microsoft\jdk-11.0.20.8-hotspot\bin\verify.dll
0x00007ffb9a190000 - 0x00007ffb9a3be000 	C:\Windows\SYSTEM32\DBGHELP.DLL
0x00007ffba89c0000 - 0x00007ffba8d4a000 	C:\Windows\System32\combase.dll
0x00007ffba88e0000 - 0x00007ffba89b7000 	C:\Windows\System32\OLEAUT32.dll
0x00007ffb8f9c0000 - 0x00007ffb8f9f2000 	C:\Windows\SYSTEM32\dbgcore.DLL
0x00007ffba6740000 - 0x00007ffba67ba000 	C:\Windows\System32\bcryptPrimitives.dll
0x00007ffb6cbf0000 - 0x00007ffb6cc18000 	C:\Program Files\Microsoft\jdk-11.0.20.8-hotspot\bin\java.dll
0x00007ffb6d570000 - 0x00007ffb6d57a000 	C:\Program Files\Microsoft\jdk-11.0.20.8-hotspot\bin\jimage.dll
0x00007ffb6cbd0000 - 0x00007ffb6cbe8000 	C:\Program Files\Microsoft\jdk-11.0.20.8-hotspot\bin\zip.dll
0x00007ffba7df0000 - 0x00007ffba8606000 	C:\Windows\System32\SHELL32.dll
0x00007ffba4540000 - 0x00007ffba4e2a000 	C:\Windows\SYSTEM32\windows.storage.dll
0x00007ffba4400000 - 0x00007ffba453e000 	C:\Windows\SYSTEM32\wintypes.dll
0x00007ffba7c40000 - 0x00007ffba7d33000 	C:\Windows\System32\SHCORE.dll
0x00007ffba8880000 - 0x00007ffba88de000 	C:\Windows\System32\shlwapi.dll
0x00007ffba64e0000 - 0x00007ffba6506000 	C:\Windows\SYSTEM32\profapi.dll
0x00007ffb6cbb0000 - 0x00007ffb6cbc9000 	C:\Program Files\Microsoft\jdk-11.0.20.8-hotspot\bin\net.dll
0x00007ffb9fba0000 - 0x00007ffb9fcd7000 	C:\Windows\SYSTEM32\WINHTTP.dll
0x00007ffba5b10000 - 0x00007ffba5b79000 	C:\Windows\system32\mswsock.dll
0x00007ffb6caf0000 - 0x00007ffb6cb03000 	C:\Program Files\Microsoft\jdk-11.0.20.8-hotspot\bin\nio.dll

dbghelp: loaded successfully - version: 4.0.5 - missing functions: none
symbol engine: initialized successfully - sym options: 0x614 - pdb path: .;C:\Program Files\Microsoft\jdk-11.0.20.8-hotspot\bin;C:\Windows\SYSTEM32;C:\Windows\WinSxS\amd64_microsoft.windows.common-controls_6595b64144ccf1df_6.0.22621.2070_none_2713e6537381f706;C:\Program Files\Microsoft\jdk-11.0.20.8-hotspot\bin\server

VM Arguments:
jvm_args: -Xmx64m -Xms64m -Dorg.gradle.appname=gradlew 
java_command: org.gradle.wrapper.GradleWrapperMain tasks
java_class_path (initial): C:\Users\38063\Desktop\ReactNativeApp\toDoProject\android\\gradle\wrapper\gradle-wrapper.jar
Launcher Type: SUN_STANDARD

[Global flags]
     intx CICompilerCount                          = 4                                         {product} {ergonomic}
     uint ConcGCThreads                            = 3                                         {product} {ergonomic}
     uint G1ConcRefinementThreads                  = 10                                        {product} {ergonomic}
   size_t G1HeapRegionSize                         = 1048576                                   {product} {ergonomic}
    uintx GCDrainStackTargetSize                   = 64                                        {product} {ergonomic}
   size_t InitialHeapSize                          = 67108864                                  {product} {command line}
   size_t MarkStackSize                            = 4194304                                   {product} {ergonomic}
   size_t MaxHeapSize                              = 67108864                                  {product} {command line}
   size_t MaxNewSize                               = 39845888                                  {product} {ergonomic}
   size_t MinHeapDeltaBytes                        = 1048576                                   {product} {ergonomic}
    uintx NonNMethodCodeHeapSize                   = 5836300                                {pd product} {ergonomic}
    uintx NonProfiledCodeHeapSize                  = 122910970                              {pd product} {ergonomic}
    uintx ProfiledCodeHeapSize                     = 122910970                              {pd product} {ergonomic}
    uintx ReservedCodeCacheSize                    = 251658240                              {pd product} {ergonomic}
     bool SegmentedCodeCache                       = true                                      {product} {ergonomic}
     bool UseCompressedClassPointers               = true                                 {lp64_product} {ergonomic}
     bool UseCompressedOops                        = true                                 {lp64_product} {ergonomic}
     bool UseG1GC                                  = true                                      {product} {ergonomic}
     bool UseLargePagesIndividualAllocation        = false                                  {pd product} {ergonomic}

Logging:
Log output configuration:
 #0: stdout all=warning uptime,level,tags
 #1: stderr all=off uptime,level,tags

Environment Variables:
JAVA_HOME=C:\Program Files\Microsoft\jdk-11.0.20.8-hotspot\
CLASSPATH=C:\Users\38063\Desktop\ReactNativeApp\toDoProject\android\\gradle\wrapper\gradle-wrapper.jar
PATH=C:\Users\38063\Desktop\ReactNativeApp\toDoProject\node_modules\.bin;C:\Users\38063\Desktop\ReactNativeApp\toDoProject\node_modules\.bin;C:\Users\38063\Desktop\ReactNativeApp\node_modules\.bin;C:\Users\38063\Desktop\node_modules\.bin;C:\Users\38063\node_modules\.bin;C:\Users\node_modules\.bin;C:\node_modules\.bin;C:\Program Files\nodejs\node_modules\npm\node_modules\@npmcli\run-script\lib\node-gyp-bin;C:\Users\38063\Desktop\ReactNativeApp\toDoProject\node_modules\.bin;C:\Users\38063\Desktop\ReactNativeApp\node_modules\.bin;C:\Users\38063\Desktop\node_modules\.bin;C:\Users\38063\node_modules\.bin;C:\Users\node_modules\.bin;C:\node_modules\.bin;C:\Program Files\nodejs\node_modules\npm\node_modules\@npmcli\run-script\lib\node-gyp-bin;C:\Program Files\Microsoft\jdk-11.0.20.8-hotspot\bin;C:\Program Files\Common Files\Oracle\Java\javapath;C:\Windows\system32;C:\Windows;C:\Windows\System32\Wbem;C:\Windows\System32\WindowsPowerShell\v1.0\;C:\Windows\System32\OpenSSH\;C:\Program Files\NVIDIA Corporation\NVIDIA NvDLISR;C:\Program Files (x86)\NVIDIA Corporation\PhysX\Common;C:\ProgramData\chocolatey\bin;D:\Git\cmd;C:\Program Files\Microsoft\jdk-11.0.20.8-hotspot\\bin;D:\AndroidSDK;D:\AndroidSDK\platform-tools;D:\AndroidSDK\watchman;C:\Program Files\nodejs\;D:\AndroidSDK\tools;C:\Users\38063\AppData\Local\Microsoft\WindowsApps;C:\Users\38063\AppData\Local\Programs\Microsoft VS Code\bin;C:\Users\38063\AppData\Local\gitkraken\bin;C:\Users\38063\AppData\Roaming\npm
USERNAME=Lio
LANG=en_US.UTF-8
OS=Windows_NT
PROCESSOR_IDENTIFIER=Intel64 Family 6 Model 167 Stepping 1, GenuineIntel
TMP=C:\Users\38063\AppData\Local\Temp
TEMP=C:\Users\38063\AppData\Local\Temp



---------------  S Y S T E M  ---------------

OS: Windows 11 , 64 bit Build 22621 (10.0.22621.2070)
OS uptime: 0 days 3:56 hours
Hyper-V role detected

CPU:total 12 (initial active 12) (6 cores per cpu, 2 threads per core) family 6 model 167 stepping 1 microcode 0x40, cmov, cx8, fxsr, mmx, sse, sse2, sse3, ssse3, sse4.1, sse4.2, popcnt, avx, avx2, aes, clmul, erms, 3dnowpref, lzcnt, ht, tsc, tscinvbit, bmi1, bmi2, adx, evex, sha, fma

Memory: 4k page, system-wide physical 16263M (1774M free)
TotalPageFile size 19962M (AvailPageFile size 5M)
current process WorkingSet (physical memory assigned to process): 37M, peak: 37M
current process commit charge ("private bytes"): 144M, peak: 144M

vm_info: OpenJDK 64-Bit Server VM (11.0.20+8-LTS) for windows-amd64 JRE (11.0.20+8-LTS), built on Jul  7 2023 17:05:21 by "MicrosoftCorporation" with MS VC++ 15.9 (VS2017)

END.
